2019-06-03 23:16:49,821:WARNING: Loading Model
2019-06-03 23:17:59,639:WARNING: Loading Model
2019-06-03 23:19:01,545:WARNING: Loading Model
2019-06-03 23:19:06,946:WARNING: Model Loaded
2019-06-03 23:20:45,913:WARNING: Loading Model
2019-06-03 23:20:46,059:WARNING: Model Loaded
2019-06-03 23:21:24,381:WARNING: Loading Model
2019-06-03 23:21:24,526:WARNING: Model Loaded
2019-06-03 23:21:57,252:WARNING: Loading Model
2019-06-03 23:21:57,397:WARNING: Model Loaded
2019-06-03 23:22:10,047:WARNING: Loading Model
2019-06-03 23:22:10,194:WARNING: Model Loaded
2019-06-03 23:22:21,804:WARNING: Loading Model
2019-06-03 23:22:21,949:WARNING: Model Loaded
2019-06-03 23:22:32,568:WARNING: Loading Model
2019-06-03 23:22:32,713:WARNING: Model Loaded
2019-06-03 23:22:43,008:WARNING: Loading Model
2019-06-03 23:22:43,152:WARNING: Model Loaded
2019-06-03 23:24:21,479:WARNING: Loading Model
2019-06-03 23:24:21,646:WARNING: Model Loaded
2019-06-03 23:24:49,489:WARNING: Loading Model
2019-06-03 23:24:49,634:WARNING: Model Loaded
2019-06-03 23:25:01,549:WARNING: Loading Model
2019-06-03 23:25:01,694:WARNING: Model Loaded
2019-06-03 23:25:13,490:WARNING: Loading Model
2019-06-03 23:25:13,633:WARNING: Model Loaded
2019-06-03 23:25:27,535:WARNING: Test: [219/220]
    Time 0.050 (0.056)
    Loss 8.3635 (9.4941)
    Accuracy Diabetes@ 0.466(0.4659)
        Diabetes F1 0.0716(0.0716)
            Diabetes recall 0.5913(0.5913)
            Diabetes precision 0.0381(0.0381)
    Accuracy Glaucoma@ 0.510(0.5105)
        Glaucoma F1 0.1400(0.1400)
            Glaucoma recall 0.5468(0.5468)
            Glaucoma precision 0.0803(0.0803)

2019-06-03 23:26:12,584:WARNING: Epoch: [0][219/220]
    Time 0.193 (0.205)
    Data 0.008 (0.009)
    Loss nan (nan)
    Accuracy Diabetes@ 0.963(0.9632)
        Diabetes F1 nan(nan)
            Diabetes recall 0.0000(0.0000)
            Diabetes precision 0.0000(0.0000)
    Accuracy Glaucoma@ 0.925(0.9250)
        Glaucoma F1 0.0120(0.0120)
            Glaucoma recall 0.0062(0.0062)
            Glaucoma precision 0.1500(0.1500)

2019-06-03 23:26:24,280:WARNING: Test: [219/220]
    Time 0.050 (0.053)
    Loss nan (nan)
    Accuracy Diabetes@ 0.965(0.9652)
        Diabetes F1 nan(nan)
            Diabetes recall 0.0000(0.0000)
            Diabetes precision 0.0000(0.0000)
    Accuracy Glaucoma@ 0.927(0.9271)
        Glaucoma F1 nan(nan)
            Glaucoma recall 0.0000(0.0000)
            Glaucoma precision 0.0000(0.0000)

2019-06-03 23:26:46,366:WARNING: Loading Model
2019-06-03 23:26:46,514:WARNING: Model Loaded
2019-06-03 23:27:01,029:WARNING: Test: [219/220]
    Time 0.050 (0.059)
    Loss 8.3635 (9.4941)
    Accuracy Diabetes@ 0.466(0.4659)
        Diabetes F1 0.0716(0.0716)
            Diabetes recall 0.5913(0.5913)
            Diabetes precision 0.0381(0.0381)
    Accuracy Glaucoma@ 0.510(0.5105)
        Glaucoma F1 0.1400(0.1400)
            Glaucoma recall 0.5468(0.5468)
            Glaucoma precision 0.0803(0.0803)

2019-06-03 23:27:46,101:WARNING: Epoch: [0][219/220]
    Time 0.193 (0.205)
    Data 0.008 (0.009)
    Loss 3.4486 (5.5864)
    Accuracy Diabetes@ 0.845(0.8452)
        Diabetes F1 0.2090(0.2090)
            Diabetes recall 0.5870(0.5870)
            Diabetes precision 0.1271(0.1271)
    Accuracy Glaucoma@ 0.789(0.7892)
        Glaucoma F1 0.3569(0.3569)
            Glaucoma recall 0.8025(0.8025)
            Glaucoma precision 0.2295(0.2295)

2019-06-03 23:27:57,638:WARNING: Test: [219/220]
    Time 0.051 (0.052)
    Loss 2.2572 (3.7803)
    Accuracy Diabetes@ 0.865(0.8650)
        Diabetes F1 0.2945(0.2945)
            Diabetes recall 0.8087(0.8087)
            Diabetes precision 0.1801(0.1801)
    Accuracy Glaucoma@ 0.909(0.9094)
        Glaucoma F1 0.5753(0.5753)
            Glaucoma recall 0.8420(0.8420)
            Glaucoma precision 0.4369(0.4369)

2019-06-03 23:28:40,552:WARNING: Epoch: [1][219/220]
    Time 0.192 (0.194)
    Data 0.008 (0.009)
    Loss 1.2040 (3.6843)
    Accuracy Diabetes@ 0.903(0.9029)
        Diabetes F1 0.3545(0.3545)
            Diabetes recall 0.7652(0.7652)
            Diabetes precision 0.2307(0.2307)
    Accuracy Glaucoma@ 0.869(0.8694)
        Glaucoma F1 0.4983(0.4983)
            Glaucoma recall 0.8898(0.8898)
            Glaucoma precision 0.3460(0.3460)

2019-06-03 23:28:52,098:WARNING: Test: [219/220]
    Time 0.051 (0.052)
    Loss 1.9116 (3.0203)
    Accuracy Diabetes@ 0.894(0.8939)
        Diabetes F1 0.3625(0.3625)
            Diabetes recall 0.8652(0.8652)
            Diabetes precision 0.2293(0.2293)
    Accuracy Glaucoma@ 0.884(0.8836)
        Glaucoma F1 0.5362(0.5362)
            Glaucoma recall 0.9231(0.9231)
            Glaucoma precision 0.3779(0.3779)

2019-06-03 23:29:35,350:WARNING: Epoch: [2][219/220]
    Time 0.192 (0.195)
    Data 0.008 (0.009)
    Loss 1.4126 (2.8161)
    Accuracy Diabetes@ 0.923(0.9227)
        Diabetes F1 0.4231(0.4231)
            Diabetes recall 0.8130(0.8130)
            Diabetes precision 0.2859(0.2859)
    Accuracy Glaucoma@ 0.903(0.9026)
        Glaucoma F1 0.5789(0.5789)
            Glaucoma recall 0.9189(0.9189)
            Glaucoma precision 0.4226(0.4226)

2019-06-03 23:29:46,941:WARNING: Test: [219/220]
    Time 0.051 (0.053)
    Loss 0.9870 (1.9867)
    Accuracy Diabetes@ 0.955(0.9545)
        Diabetes F1 0.5665(0.5665)
            Diabetes recall 0.8522(0.8522)
            Diabetes precision 0.4242(0.4242)
    Accuracy Glaucoma@ 0.937(0.9370)
        Glaucoma F1 0.6848(0.6848)
            Glaucoma recall 0.9397(0.9397)
            Glaucoma precision 0.5387(0.5387)

2019-06-03 23:30:30,534:WARNING: Epoch: [3][219/220]
    Time 0.195 (0.197)
    Data 0.008 (0.009)
    Loss 2.7694 (2.5304)
    Accuracy Diabetes@ 0.930(0.9295)
        Diabetes F1 0.4624(0.4624)
            Diabetes recall 0.8696(0.8696)
            Diabetes precision 0.3150(0.3150)
    Accuracy Glaucoma@ 0.917(0.9173)
        Glaucoma F1 0.6208(0.6208)
            Glaucoma recall 0.9293(0.9293)
            Glaucoma precision 0.4661(0.4661)

2019-06-03 23:30:42,324:WARNING: Test: [219/220]
    Time 0.051 (0.053)
    Loss 1.6554 (2.3545)
    Accuracy Diabetes@ 0.973(0.9730)
        Diabetes F1 0.6855(0.6855)
            Diabetes recall 0.8435(0.8435)
            Diabetes precision 0.5774(0.5774)
    Accuracy Glaucoma@ 0.879(0.8786)
        Glaucoma F1 0.5357(0.5357)
            Glaucoma recall 0.9605(0.9605)
            Glaucoma precision 0.3714(0.3714)

2019-06-03 23:31:27,118:WARNING: Epoch: [4][219/220]
    Time 0.192 (0.203)
    Data 0.008 (0.009)
    Loss 2.1717 (2.2996)
    Accuracy Diabetes@ 0.927(0.9268)
        Diabetes F1 0.4505(0.4505)
            Diabetes recall 0.8609(0.8609)
            Diabetes precision 0.3051(0.3051)
    Accuracy Glaucoma@ 0.930(0.9295)
        Glaucoma F1 0.6643(0.6643)
            Glaucoma recall 0.9563(0.9563)
            Glaucoma precision 0.5088(0.5088)

2019-06-03 23:31:38,674:WARNING: Test: [219/220]
    Time 0.051 (0.052)
    Loss 0.9951 (1.7335)
    Accuracy Diabetes@ 0.964(0.9639)
        Diabetes F1 0.6361(0.6361)
            Diabetes recall 0.9043(0.9043)
            Diabetes precision 0.4906(0.4906)
    Accuracy Glaucoma@ 0.926(0.9262)
        Glaucoma F1 0.6558(0.6558)
            Glaucoma recall 0.9647(0.9647)
            Glaucoma precision 0.4968(0.4968)

2019-06-03 23:32:22,061:WARNING: Epoch: [5][219/220]
    Time 0.213 (0.196)
    Data 0.010 (0.009)
    Loss 0.4388 (1.7949)
    Accuracy Diabetes@ 0.955(0.9548)
        Diabetes F1 0.5815(0.5815)
            Diabetes recall 0.9000(0.9000)
            Diabetes precision 0.4295(0.4295)
    Accuracy Glaucoma@ 0.945(0.9445)
        Glaucoma F1 0.7141(0.7141)
            Glaucoma recall 0.9501(0.9501)
            Glaucoma precision 0.5720(0.5720)

2019-06-03 23:32:34,229:WARNING: Test: [219/220]
    Time 0.053 (0.055)
    Loss 1.4384 (1.1969)
    Accuracy Diabetes@ 0.979(0.9794)
        Diabetes F1 0.7571(0.7571)
            Diabetes recall 0.9217(0.9217)
            Diabetes precision 0.6424(0.6424)
    Accuracy Glaucoma@ 0.962(0.9615)
        Glaucoma F1 0.7836(0.7836)
            Glaucoma recall 0.9563(0.9563)
            Glaucoma precision 0.6638(0.6638)

2019-06-03 23:33:19,671:WARNING: Epoch: [6][219/220]
    Time 0.201 (0.205)
    Data 0.009 (0.009)
    Loss 1.8527 (2.0319)
    Accuracy Diabetes@ 0.940(0.9405)
        Diabetes F1 0.5069(0.5069)
            Diabetes recall 0.8783(0.8783)
            Diabetes precision 0.3563(0.3563)
    Accuracy Glaucoma@ 0.933(0.9332)
        Glaucoma F1 0.6755(0.6755)
            Glaucoma recall 0.9543(0.9543)
            Glaucoma precision 0.5228(0.5228)

2019-06-03 23:33:31,789:WARNING: Test: [219/220]
    Time 0.054 (0.055)
    Loss 1.5543 (1.9737)
    Accuracy Diabetes@ 0.912(0.9124)
        Diabetes F1 0.4266(0.4266)
            Diabetes recall 0.9348(0.9348)
            Diabetes precision 0.2763(0.2763)
    Accuracy Glaucoma@ 0.920(0.9203)
        Glaucoma F1 0.6422(0.6422)
            Glaucoma recall 0.9813(0.9813)
            Glaucoma precision 0.4772(0.4772)

2019-06-03 23:34:17,060:WARNING: Epoch: [7][219/220]
    Time 0.194 (0.205)
    Data 0.008 (0.009)
    Loss 1.6568 (1.7663)
    Accuracy Diabetes@ 0.952(0.9524)
        Diabetes F1 0.5710(0.5710)
            Diabetes recall 0.9087(0.9087)
            Diabetes precision 0.4163(0.4163)
    Accuracy Glaucoma@ 0.940(0.9398)
        Glaucoma F1 0.6981(0.6981)
            Glaucoma recall 0.9543(0.9543)
            Glaucoma precision 0.5504(0.5504)

2019-06-03 23:34:28,819:WARNING: Test: [219/220]
    Time 0.051 (0.053)
    Loss 1.2695 (1.4280)
    Accuracy Diabetes@ 0.929(0.9286)
        Diabetes F1 0.4886(0.4886)
            Diabetes recall 0.9783(0.9783)
            Diabetes precision 0.3256(0.3256)
    Accuracy Glaucoma@ 0.943(0.9426)
        Glaucoma F1 0.7135(0.7135)
            Glaucoma recall 0.9813(0.9813)
            Glaucoma precision 0.5606(0.5606)

2019-06-03 23:35:12,117:WARNING: Epoch: [8][219/220]
    Time 0.193 (0.196)
    Data 0.008 (0.009)
    Loss 0.4501 (1.5840)
    Accuracy Diabetes@ 0.964(0.9636)
        Diabetes F1 0.6407(0.6407)
            Diabetes recall 0.9304(0.9304)
            Diabetes precision 0.4886(0.4886)
    Accuracy Glaucoma@ 0.947(0.9468)
        Glaucoma F1 0.7230(0.7230)
            Glaucoma recall 0.9522(0.9522)
            Glaucoma precision 0.5827(0.5827)

2019-06-03 23:35:23,666:WARNING: Test: [219/220]
    Time 0.051 (0.052)
    Loss 0.6030 (1.1309)
    Accuracy Diabetes@ 0.964(0.9641)
        Diabetes F1 0.6590(0.6590)
            Diabetes recall 0.9957(0.9957)
            Diabetes precision 0.4925(0.4925)
    Accuracy Glaucoma@ 0.966(0.9662)
        Glaucoma F1 0.8046(0.8046)
            Glaucoma recall 0.9543(0.9543)
            Glaucoma precision 0.6955(0.6955)

2019-06-03 23:36:06,732:WARNING: Epoch: [9][219/220]
    Time 0.193 (0.195)
    Data 0.008 (0.009)
    Loss 1.0091 (1.2950)
    Accuracy Diabetes@ 0.962(0.9623)
        Diabetes F1 0.6322(0.6322)
            Diabetes recall 0.9304(0.9304)
            Diabetes precision 0.4787(0.4787)
    Accuracy Glaucoma@ 0.956(0.9558)
        Glaucoma F1 0.7610(0.7610)
            Glaucoma recall 0.9667(0.9667)
            Glaucoma precision 0.6275(0.6275)

2019-06-03 23:36:18,297:WARNING: Test: [219/220]
    Time 0.051 (0.052)
    Loss 0.1035 (nan)
    Accuracy Diabetes@ 0.950(0.9503)
        Diabetes F1 0.5784(0.5784)
            Diabetes recall 0.9783(0.9783)
            Diabetes precision 0.4106(0.4106)
    Accuracy Glaucoma@ 0.968(0.9685)
        Glaucoma F1 0.8185(0.8185)
            Glaucoma recall 0.9751(0.9751)
            Glaucoma precision 0.7053(0.7053)

2019-06-03 23:37:03,117:WARNING: Epoch: [10][219/220]
    Time 0.203 (0.203)
    Data 0.009 (0.009)
    Loss 0.8558 (1.5048)
    Accuracy Diabetes@ 0.961(0.9611)
        Diabetes F1 0.6215(0.6215)
            Diabetes recall 0.9174(0.9174)
            Diabetes precision 0.4699(0.4699)
    Accuracy Glaucoma@ 0.954(0.9542)
        Glaucoma F1 0.7545(0.7545)
            Glaucoma recall 0.9647(0.9647)
            Glaucoma precision 0.6195(0.6195)

2019-06-03 23:37:15,307:WARNING: Test: [219/220]
    Time 0.054 (0.055)
    Loss 0.8049 (1.3294)
    Accuracy Diabetes@ 0.966(0.9661)
        Diabetes F1 0.6647(0.6647)
            Diabetes recall 0.9652(0.9652)
            Diabetes precision 0.5068(0.5068)
    Accuracy Glaucoma@ 0.914(0.9139)
        Glaucoma F1 0.6263(0.6263)
            Glaucoma recall 0.9896(0.9896)
            Glaucoma precision 0.4581(0.4581)

2019-06-03 23:38:00,698:WARNING: Epoch: [11][219/220]
    Time 0.201 (0.205)
    Data 0.009 (0.010)
    Loss 1.9615 (1.2397)
    Accuracy Diabetes@ 0.969(0.9691)
        Diabetes F1 0.6822(0.6822)
            Diabetes recall 0.9522(0.9522)
            Diabetes precision 0.5316(0.5316)
    Accuracy Glaucoma@ 0.951(0.9511)
        Glaucoma F1 0.7410(0.7410)
            Glaucoma recall 0.9605(0.9605)
            Glaucoma precision 0.6031(0.6031)

2019-06-03 23:38:12,755:WARNING: Test: [219/220]
    Time 0.053 (0.055)
    Loss 1.3183 (0.8694)
    Accuracy Diabetes@ 0.988(0.9882)
        Diabetes F1 0.8517(0.8517)
            Diabetes recall 0.9739(0.9739)
            Diabetes precision 0.7568(0.7568)
    Accuracy Glaucoma@ 0.966(0.9656)
        Glaucoma F1 0.8055(0.8055)
            Glaucoma recall 0.9771(0.9771)
            Glaucoma precision 0.6851(0.6851)

2019-06-03 23:38:57,832:WARNING: Epoch: [12][219/220]
    Time 0.201 (0.203)
    Data 0.009 (0.009)
    Loss 0.2321 (1.0975)
    Accuracy Diabetes@ 0.972(0.9723)
        Diabetes F1 0.7063(0.7063)
            Diabetes recall 0.9565(0.9565)
            Diabetes precision 0.5598(0.5598)
    Accuracy Glaucoma@ 0.960(0.9602)
        Glaucoma F1 0.7807(0.7807)
            Glaucoma recall 0.9730(0.9730)
            Glaucoma precision 0.6518(0.6518)

2019-06-03 23:39:09,917:WARNING: Test: [219/220]
    Time 0.051 (0.055)
    Loss 0.3738 (0.8453)
    Accuracy Diabetes@ 0.968(0.9680)
        Diabetes F1 0.6808(0.6808)
            Diabetes recall 0.9783(0.9783)
            Diabetes precision 0.5220(0.5220)
    Accuracy Glaucoma@ 0.955(0.9553)
        Glaucoma F1 0.7638(0.7638)
            Glaucoma recall 0.9917(0.9917)
            Glaucoma precision 0.6211(0.6211)

2019-06-03 23:39:53,804:WARNING: Epoch: [13][219/220]
    Time 0.193 (0.199)
    Data 0.008 (0.009)
    Loss 1.3872 (1.2263)
    Accuracy Diabetes@ 0.968(0.9682)
        Diabetes F1 0.6759(0.6759)
            Diabetes recall 0.9522(0.9522)
            Diabetes precision 0.5239(0.5239)
    Accuracy Glaucoma@ 0.959(0.9589)
        Glaucoma F1 0.7744(0.7744)
            Glaucoma recall 0.9667(0.9667)
            Glaucoma precision 0.6458(0.6458)

2019-06-03 23:40:05,990:WARNING: Test: [219/220]
    Time 0.054 (0.055)
    Loss 1.8894 (1.1126)
    Accuracy Diabetes@ 0.937(0.9365)
        Diabetes F1 0.5122(0.5122)
            Diabetes recall 0.9565(0.9565)
            Diabetes precision 0.3498(0.3498)
    Accuracy Glaucoma@ 0.983(0.9826)
        Glaucoma F1 0.8916(0.8916)
            Glaucoma recall 0.9834(0.9834)
            Glaucoma precision 0.8155(0.8155)

2019-06-03 23:40:51,328:WARNING: Epoch: [14][219/220]
    Time 0.202 (0.205)
    Data 0.008 (0.010)
    Loss 0.2236 (0.9677)
    Accuracy Diabetes@ 0.974(0.9741)
        Diabetes F1 0.7210(0.7210)
            Diabetes recall 0.9609(0.9609)
            Diabetes precision 0.5770(0.5770)
    Accuracy Glaucoma@ 0.967(0.9670)
        Glaucoma F1 0.8111(0.8111)
            Glaucoma recall 0.9730(0.9730)
            Glaucoma precision 0.6954(0.6954)

2019-06-03 23:41:03,356:WARNING: Test: [219/220]
    Time 0.053 (0.055)
    Loss 0.7252 (nan)
    Accuracy Diabetes@ 0.984(0.9839)
        Diabetes F1 0.7985(0.7985)
            Diabetes recall 0.9130(0.9130)
            Diabetes precision 0.7095(0.7095)
    Accuracy Glaucoma@ 0.968(0.9680)
        Glaucoma F1 0.8160(0.8160)
            Glaucoma recall 0.9730(0.9730)
            Glaucoma precision 0.7027(0.7027)

2019-06-03 23:41:48,567:WARNING: Epoch: [15][219/220]
    Time 0.211 (0.205)
    Data 0.010 (0.010)
    Loss nan (nan)
    Accuracy Diabetes@ 0.965(0.9653)
        Diabetes F1 0.0949(0.0949)
            Diabetes recall 0.0522(0.0522)
            Diabetes precision 0.5217(0.5217)
    Accuracy Glaucoma@ 0.931(0.9311)
        Glaucoma F1 0.1590(0.1590)
            Glaucoma recall 0.0894(0.0894)
            Glaucoma precision 0.7167(0.7167)

2019-06-03 23:42:00,771:WARNING: Test: [219/220]
    Time 0.052 (0.055)
    Loss nan (nan)
    Accuracy Diabetes@ 0.965(0.9652)
        Diabetes F1 nan(nan)
            Diabetes recall 0.0000(0.0000)
            Diabetes precision 0.0000(0.0000)
    Accuracy Glaucoma@ 0.927(0.9271)
        Glaucoma F1 nan(nan)
            Glaucoma recall 0.0000(0.0000)
            Glaucoma precision 0.0000(0.0000)

2019-06-03 23:42:46,061:WARNING: Epoch: [16][219/220]
    Time 0.209 (0.205)
    Data 0.009 (0.010)
    Loss nan (nan)
    Accuracy Diabetes@ 0.965(0.9652)
        Diabetes F1 nan(nan)
            Diabetes recall 0.0000(0.0000)
            Diabetes precision 0.0000(0.0000)
    Accuracy Glaucoma@ 0.927(0.9271)
        Glaucoma F1 nan(nan)
            Glaucoma recall 0.0000(0.0000)
            Glaucoma precision 0.0000(0.0000)

2019-06-03 23:42:58,441:WARNING: Test: [219/220]
    Time 0.053 (0.056)
    Loss nan (nan)
    Accuracy Diabetes@ 0.965(0.9652)
        Diabetes F1 nan(nan)
            Diabetes recall 0.0000(0.0000)
            Diabetes precision 0.0000(0.0000)
    Accuracy Glaucoma@ 0.927(0.9271)
        Glaucoma F1 nan(nan)
            Glaucoma recall 0.0000(0.0000)
            Glaucoma precision 0.0000(0.0000)

2019-06-03 23:43:43,736:WARNING: Epoch: [17][219/220]
    Time 0.195 (0.205)
    Data 0.008 (0.010)
    Loss nan (nan)
    Accuracy Diabetes@ 0.965(0.9652)
        Diabetes F1 nan(nan)
            Diabetes recall 0.0000(0.0000)
            Diabetes precision 0.0000(0.0000)
    Accuracy Glaucoma@ 0.927(0.9271)
        Glaucoma F1 nan(nan)
            Glaucoma recall 0.0000(0.0000)
            Glaucoma precision 0.0000(0.0000)

2019-06-03 23:43:55,499:WARNING: Test: [219/220]
    Time 0.051 (0.053)
    Loss nan (nan)
    Accuracy Diabetes@ 0.965(0.9652)
        Diabetes F1 nan(nan)
            Diabetes recall 0.0000(0.0000)
            Diabetes precision 0.0000(0.0000)
    Accuracy Glaucoma@ 0.927(0.9271)
        Glaucoma F1 nan(nan)
            Glaucoma recall 0.0000(0.0000)
            Glaucoma precision 0.0000(0.0000)

2019-06-03 23:44:38,441:WARNING: Epoch: [18][219/220]
    Time 0.191 (0.194)
    Data 0.007 (0.009)
    Loss nan (nan)
    Accuracy Diabetes@ 0.965(0.9652)
        Diabetes F1 nan(nan)
            Diabetes recall 0.0000(0.0000)
            Diabetes precision 0.0000(0.0000)
    Accuracy Glaucoma@ 0.927(0.9271)
        Glaucoma F1 nan(nan)
            Glaucoma recall 0.0000(0.0000)
            Glaucoma precision 0.0000(0.0000)

2019-06-04 11:18:03,863:WARNING: Loading Model
2019-06-04 11:18:04,010:WARNING: Model Loaded
2019-06-04 11:18:09,086:WARNING: Test: [27/28]
    Time 0.883 (0.126)
    Loss 6.6091 (12.9049)
    Accuracy Diabetes@ 0.035(0.0352)
        Diabetes F1 0.0674(0.0674)
            Diabetes recall 1.0000(1.0000)
            Diabetes precision 0.0349(0.0349)
    Accuracy Glaucoma@ 0.927(0.9273)
        Glaucoma F1 nan(nan)
            Glaucoma recall 0.0000(0.0000)
            Glaucoma precision 0.0000(0.0000)

2019-06-04 11:18:54,450:WARNING: Epoch: [0][219/220]
    Time 0.195 (0.206)
    Data 0.008 (0.009)
    Loss 9.7364 (11.6221)
    Accuracy Diabetes@ 0.812(0.8120)
        Diabetes F1 0.2060(0.2060)
            Diabetes recall 0.7000(0.7000)
            Diabetes precision 0.1208(0.1208)
    Accuracy Glaucoma@ 0.886(0.8864)
        Glaucoma F1 0.5443(0.5443)
            Glaucoma recall 0.9314(0.9314)
            Glaucoma precision 0.3845(0.3845)

2019-06-04 11:18:56,112:WARNING: Test: [27/28]
    Time 0.029 (0.058)
    Loss 5.3032 (10.6011)
    Accuracy Diabetes@ 0.945(0.9455)
        Diabetes F1 0.5500(0.5500)
            Diabetes recall 0.9649(0.9649)
            Diabetes precision 0.3846(0.3846)
    Accuracy Glaucoma@ 0.965(0.9648)
        Glaucoma F1 0.8068(0.8068)
            Glaucoma recall 1.0000(1.0000)
            Glaucoma precision 0.6761(0.6761)

2019-06-04 11:19:39,637:WARNING: Epoch: [1][219/220]
    Time 0.194 (0.196)
    Data 0.008 (0.009)
    Loss 8.7623 (9.5113)
    Accuracy Diabetes@ 0.963(0.9632)
        Diabetes F1 0.5071(0.5071)
            Diabetes recall 0.5435(0.5435)
            Diabetes precision 0.4753(0.4753)
    Accuracy Glaucoma@ 0.958(0.9577)
        Glaucoma F1 0.7681(0.7681)
            Glaucoma recall 0.9605(0.9605)
            Glaucoma precision 0.6399(0.6399)

2019-06-04 11:19:41,283:WARNING: Test: [27/28]
    Time 0.029 (0.058)
    Loss 4.6720 (9.0261)
    Accuracy Diabetes@ 0.978(0.9782)
        Diabetes F1 0.7049(0.7049)
            Diabetes recall 0.7544(0.7544)
            Diabetes precision 0.6615(0.6615)
    Accuracy Glaucoma@ 0.965(0.9648)
        Glaucoma F1 0.8068(0.8068)
            Glaucoma recall 1.0000(1.0000)
            Glaucoma precision 0.6761(0.6761)

2019-06-04 11:20:24,840:WARNING: Epoch: [2][219/220]
    Time 0.192 (0.197)
    Data 0.008 (0.009)
    Loss 6.2911 (7.8415)
    Accuracy Diabetes@ 0.970(0.9702)
        Diabetes F1 0.4513(0.4513)
            Diabetes recall 0.3522(0.3522)
            Diabetes precision 0.6279(0.6279)
    Accuracy Glaucoma@ 0.966(0.9658)
        Glaucoma F1 0.8048(0.8048)
            Glaucoma recall 0.9688(0.9688)
            Glaucoma precision 0.6883(0.6883)

2019-06-04 11:20:26,487:WARNING: Test: [27/28]
    Time 0.029 (0.058)
    Loss 3.9547 (7.1340)
    Accuracy Diabetes@ 0.984(0.9842)
        Diabetes F1 0.7759(0.7759)
            Diabetes recall 0.7895(0.7895)
            Diabetes precision 0.7627(0.7627)
    Accuracy Glaucoma@ 0.965(0.9648)
        Glaucoma F1 0.8068(0.8068)
            Glaucoma recall 1.0000(1.0000)
            Glaucoma precision 0.6761(0.6761)

2019-06-04 11:21:09,986:WARNING: Epoch: [3][219/220]
    Time 0.203 (0.196)
    Data 0.009 (0.009)
    Loss 4.8069 (6.3913)
    Accuracy Diabetes@ 0.970(0.9695)
        Diabetes F1 0.3578(0.3578)
            Diabetes recall 0.2435(0.2435)
            Diabetes precision 0.6747(0.6747)
    Accuracy Glaucoma@ 0.972(0.9715)
        Glaucoma F1 0.8288(0.8288)
            Glaucoma recall 0.9459(0.9459)
            Glaucoma precision 0.7374(0.7374)

2019-06-04 11:21:11,624:WARNING: Test: [27/28]
    Time 0.029 (0.057)
    Loss 2.9471 (5.4931)
    Accuracy Diabetes@ 0.979(0.9794)
        Diabetes F1 0.6598(0.6598)
            Diabetes recall 0.5614(0.5614)
            Diabetes precision 0.8000(0.8000)
    Accuracy Glaucoma@ 0.965(0.9648)
        Glaucoma F1 0.8014(0.8014)
            Glaucoma recall 0.9832(0.9832)
            Glaucoma precision 0.6763(0.6763)

2019-06-04 11:21:54,978:WARNING: Epoch: [4][219/220]
    Time 0.192 (0.196)
    Data 0.008 (0.009)
    Loss 4.8920 (5.1896)
    Accuracy Diabetes@ 0.969(0.9689)
        Diabetes F1 0.2807(0.2807)
            Diabetes recall 0.1739(0.1739)
            Diabetes precision 0.7273(0.7273)
    Accuracy Glaucoma@ 0.974(0.9736)
        Glaucoma F1 0.8412(0.8412)
            Glaucoma recall 0.9584(0.9584)
            Glaucoma precision 0.7496(0.7496)

2019-06-04 11:21:56,629:WARNING: Test: [27/28]
    Time 0.029 (0.058)
    Loss 2.6923 (5.1158)
    Accuracy Diabetes@ 0.973(0.9733)
        Diabetes F1 0.6901(0.6901)
            Diabetes recall 0.8596(0.8596)
            Diabetes precision 0.5765(0.5765)
    Accuracy Glaucoma@ 0.967(0.9673)
        Glaucoma F1 0.8179(0.8179)
            Glaucoma recall 1.0000(1.0000)
            Glaucoma precision 0.6919(0.6919)

2019-06-04 11:22:39,897:WARNING: Epoch: [5][219/220]
    Time 0.196 (0.196)
    Data 0.008 (0.009)
    Loss 3.6627 (4.2521)
    Accuracy Diabetes@ 0.969(0.9694)
        Diabetes F1 0.3129(0.3129)
            Diabetes recall 0.2000(0.2000)
            Diabetes precision 0.7188(0.7188)
    Accuracy Glaucoma@ 0.974(0.9736)
        Glaucoma F1 0.8377(0.8377)
            Glaucoma recall 0.9335(0.9335)
            Glaucoma precision 0.7597(0.7597)

2019-06-04 11:22:41,546:WARNING: Test: [27/28]
    Time 0.029 (0.058)
    Loss 2.0084 (3.9458)
    Accuracy Diabetes@ 0.979(0.9794)
        Diabetes F1 0.6458(0.6458)
            Diabetes recall 0.5439(0.5439)
            Diabetes precision 0.7949(0.7949)
    Accuracy Glaucoma@ 0.964(0.9636)
        Glaucoma F1 0.7930(0.7930)
            Glaucoma recall 0.9496(0.9496)
            Glaucoma precision 0.6807(0.6807)

2019-06-04 11:23:24,906:WARNING: Epoch: [6][219/220]
    Time 0.193 (0.196)
    Data 0.008 (0.009)
    Loss 2.7724 (3.5273)
    Accuracy Diabetes@ 0.968(0.9682)
        Diabetes F1 0.2391(0.2391)
            Diabetes recall 0.1435(0.1435)
            Diabetes precision 0.7174(0.7174)
    Accuracy Glaucoma@ 0.978(0.9782)
        Glaucoma F1 0.8652(0.8652)
            Glaucoma recall 0.9605(0.9605)
            Glaucoma precision 0.7871(0.7871)

2019-06-04 11:23:26,559:WARNING: Test: [27/28]
    Time 0.029 (0.058)
    Loss 1.7084 (3.3146)
    Accuracy Diabetes@ 0.989(0.9891)
        Diabetes F1 0.8393(0.8393)
            Diabetes recall 0.8246(0.8246)
            Diabetes precision 0.8545(0.8545)
    Accuracy Glaucoma@ 0.977(0.9770)
        Glaucoma F1 0.8635(0.8635)
            Glaucoma recall 0.9832(0.9832)
            Glaucoma precision 0.7697(0.7697)

2019-06-04 11:24:10,085:WARNING: Epoch: [7][219/220]
    Time 0.192 (0.197)
    Data 0.008 (0.009)
    Loss 2.0457 (3.0519)
    Accuracy Diabetes@ 0.972(0.9718)
        Diabetes F1 0.3673(0.3673)
            Diabetes recall 0.2348(0.2348)
            Diabetes precision 0.8438(0.8438)
    Accuracy Glaucoma@ 0.977(0.9767)
        Glaucoma F1 0.8539(0.8539)
            Glaucoma recall 0.9356(0.9356)
            Glaucoma precision 0.7853(0.7853)

2019-06-04 11:24:11,737:WARNING: Test: [27/28]
    Time 0.029 (0.058)
    Loss 1.4950 (2.7213)
    Accuracy Diabetes@ 0.993(0.9927)
        Diabetes F1 0.8983(0.8983)
            Diabetes recall 0.9298(0.9298)
            Diabetes precision 0.8689(0.8689)
    Accuracy Glaucoma@ 0.965(0.9648)
        Glaucoma F1 0.8068(0.8068)
            Glaucoma recall 1.0000(1.0000)
            Glaucoma precision 0.6761(0.6761)

2019-06-04 11:24:55,159:WARNING: Epoch: [8][219/220]
    Time 0.193 (0.196)
    Data 0.008 (0.009)
    Loss 1.8283 (2.6204)
    Accuracy Diabetes@ 0.972(0.9717)
        Diabetes F1 0.3746(0.3746)
            Diabetes recall 0.2435(0.2435)
            Diabetes precision 0.8116(0.8116)
    Accuracy Glaucoma@ 0.980(0.9797)
        Glaucoma F1 0.8733(0.8733)
            Glaucoma recall 0.9605(0.9605)
            Glaucoma precision 0.8007(0.8007)

2019-06-04 11:24:56,833:WARNING: Test: [27/28]
    Time 0.029 (0.059)
    Loss 1.4140 (2.5372)
    Accuracy Diabetes@ 0.989(0.9891)
        Diabetes F1 0.8269(0.8269)
            Diabetes recall 0.7544(0.7544)
            Diabetes precision 0.9149(0.9149)
    Accuracy Glaucoma@ 0.984(0.9842)
        Glaucoma F1 0.9000(0.9000)
            Glaucoma recall 0.9832(0.9832)
            Glaucoma precision 0.8298(0.8298)

2019-06-04 11:25:40,693:WARNING: Epoch: [9][219/220]
    Time 0.197 (0.198)
    Data 0.008 (0.009)
    Loss 1.8109 (2.2892)
    Accuracy Diabetes@ 0.974(0.9738)
        Diabetes F1 0.4577(0.4577)
            Diabetes recall 0.3174(0.3174)
            Diabetes precision 0.8202(0.8202)
    Accuracy Glaucoma@ 0.980(0.9802)
        Glaucoma F1 0.8722(0.8722)
            Glaucoma recall 0.9293(0.9293)
            Glaucoma precision 0.8217(0.8217)

2019-06-04 11:25:42,363:WARNING: Test: [27/28]
    Time 0.030 (0.059)
    Loss 1.1881 (2.2017)
    Accuracy Diabetes@ 0.982(0.9818)
        Diabetes F1 0.7321(0.7321)
            Diabetes recall 0.7193(0.7193)
            Diabetes precision 0.7455(0.7455)
    Accuracy Glaucoma@ 0.968(0.9685)
        Glaucoma F1 0.8235(0.8235)
            Glaucoma recall 1.0000(1.0000)
            Glaucoma precision 0.7000(0.7000)

2019-06-04 11:26:28,767:WARNING: Epoch: [10][219/220]
    Time 0.193 (0.210)
    Data 0.008 (0.010)
    Loss 1.5377 (2.1424)
    Accuracy Diabetes@ 0.975(0.9745)
        Diabetes F1 0.5172(0.5172)
            Diabetes recall 0.3913(0.3913)
            Diabetes precision 0.7627(0.7627)
    Accuracy Glaucoma@ 0.976(0.9759)
        Glaucoma F1 0.8467(0.8467)
            Glaucoma recall 0.9127(0.9127)
            Glaucoma precision 0.7896(0.7896)

2019-06-04 11:26:30,404:WARNING: Test: [27/28]
    Time 0.029 (0.057)
    Loss 1.1885 (2.1070)
    Accuracy Diabetes@ 0.982(0.9818)
        Diabetes F1 0.7222(0.7222)
            Diabetes recall 0.6842(0.6842)
            Diabetes precision 0.7647(0.7647)
    Accuracy Glaucoma@ 0.966(0.9661)
        Glaucoma F1 0.8123(0.8123)
            Glaucoma recall 1.0000(1.0000)
            Glaucoma precision 0.6839(0.6839)

2019-06-04 11:27:14,058:WARNING: Epoch: [11][219/220]
    Time 0.194 (0.197)
    Data 0.008 (0.009)
    Loss 1.3364 (1.9009)
    Accuracy Diabetes@ 0.980(0.9795)
        Diabetes F1 0.6361(0.6361)
            Diabetes recall 0.5130(0.5130)
            Diabetes precision 0.8369(0.8369)
    Accuracy Glaucoma@ 0.979(0.9788)
        Glaucoma F1 0.8659(0.8659)
            Glaucoma recall 0.9397(0.9397)
            Glaucoma precision 0.8028(0.8028)

2019-06-04 11:27:15,709:WARNING: Test: [27/28]
    Time 0.030 (0.058)
    Loss 1.0575 (1.7761)
    Accuracy Diabetes@ 0.989(0.9891)
        Diabetes F1 0.8448(0.8448)
            Diabetes recall 0.8596(0.8596)
            Diabetes precision 0.8305(0.8305)
    Accuracy Glaucoma@ 0.988(0.9879)
        Glaucoma F1 0.9174(0.9174)
            Glaucoma recall 0.9328(0.9328)
            Glaucoma precision 0.9024(0.9024)

2019-06-04 11:27:59,221:WARNING: Epoch: [12][219/220]
    Time 0.192 (0.196)
    Data 0.008 (0.009)
    Loss 1.3072 (1.6710)
    Accuracy Diabetes@ 0.983(0.9830)
        Diabetes F1 0.7068(0.7068)
            Diabetes recall 0.5870(0.5870)
            Diabetes precision 0.8882(0.8882)
    Accuracy Glaucoma@ 0.983(0.9833)
        Glaucoma F1 0.8911(0.8911)
            Glaucoma recall 0.9356(0.9356)
            Glaucoma precision 0.8507(0.8507)

2019-06-04 11:28:00,873:WARNING: Test: [27/28]
    Time 0.029 (0.058)
    Loss 0.9125 (1.5423)
    Accuracy Diabetes@ 0.988(0.9879)
        Diabetes F1 0.8246(0.8246)
            Diabetes recall 0.8246(0.8246)
            Diabetes precision 0.8246(0.8246)
    Accuracy Glaucoma@ 0.985(0.9855)
        Glaucoma F1 0.9076(0.9076)
            Glaucoma recall 0.9496(0.9496)
            Glaucoma precision 0.8692(0.8692)

2019-06-04 11:28:44,272:WARNING: Epoch: [13][219/220]
    Time 0.193 (0.196)
    Data 0.008 (0.009)
    Loss 1.2634 (1.5078)
    Accuracy Diabetes@ 0.985(0.9855)
        Diabetes F1 0.7670(0.7670)
            Diabetes recall 0.6870(0.6870)
            Diabetes precision 0.8681(0.8681)
    Accuracy Glaucoma@ 0.987(0.9871)
        Glaucoma F1 0.9154(0.9154)
            Glaucoma recall 0.9563(0.9563)
            Glaucoma precision 0.8779(0.8779)

2019-06-04 11:28:45,914:WARNING: Test: [27/28]
    Time 0.029 (0.057)
    Loss 0.8319 (1.4281)
    Accuracy Diabetes@ 0.992(0.9915)
        Diabetes F1 0.8833(0.8833)
            Diabetes recall 0.9298(0.9298)
            Diabetes precision 0.8413(0.8413)
    Accuracy Glaucoma@ 0.994(0.9939)
        Glaucoma F1 0.9576(0.9576)
            Glaucoma recall 0.9496(0.9496)
            Glaucoma precision 0.9658(0.9658)

2019-06-04 11:29:29,398:WARNING: Epoch: [14][219/220]
    Time 0.193 (0.196)
    Data 0.008 (0.009)
    Loss 0.8675 (1.4669)
    Accuracy Diabetes@ 0.985(0.9855)
        Diabetes F1 0.7647(0.7647)
            Diabetes recall 0.6783(0.6783)
            Diabetes precision 0.8764(0.8764)
    Accuracy Glaucoma@ 0.987(0.9873)
        Glaucoma F1 0.9153(0.9153)
            Glaucoma recall 0.9439(0.9439)
            Glaucoma precision 0.8885(0.8885)

2019-06-04 11:29:31,051:WARNING: Test: [27/28]
    Time 0.030 (0.058)
    Loss 0.5955 (1.4539)
    Accuracy Diabetes@ 0.985(0.9855)
        Diabetes F1 0.7818(0.7818)
            Diabetes recall 0.7544(0.7544)
            Diabetes precision 0.8113(0.8113)
    Accuracy Glaucoma@ 0.983(0.9830)
        Glaucoma F1 0.8843(0.8843)
            Glaucoma recall 0.8992(0.8992)
            Glaucoma precision 0.8699(0.8699)

2019-06-04 11:30:14,405:WARNING: Epoch: [15][219/220]
    Time 0.193 (0.196)
    Data 0.008 (0.009)
    Loss 2.3455 (1.3909)
    Accuracy Diabetes@ 0.988(0.9880)
        Diabetes F1 0.8209(0.8209)
            Diabetes recall 0.7870(0.7870)
            Diabetes precision 0.8578(0.8578)
    Accuracy Glaucoma@ 0.986(0.9862)
        Glaucoma F1 0.9072(0.9072)
            Glaucoma recall 0.9252(0.9252)
            Glaucoma precision 0.8900(0.8900)

2019-06-04 11:30:16,055:WARNING: Test: [27/28]
    Time 0.030 (0.058)
    Loss 0.7355 (1.3325)
    Accuracy Diabetes@ 0.989(0.9891)
        Diabetes F1 0.8448(0.8448)
            Diabetes recall 0.8596(0.8596)
            Diabetes precision 0.8305(0.8305)
    Accuracy Glaucoma@ 0.989(0.9891)
        Glaucoma F1 0.9250(0.9250)
            Glaucoma recall 0.9328(0.9328)
            Glaucoma precision 0.9174(0.9174)

2019-06-04 11:30:59,699:WARNING: Epoch: [16][219/220]
    Time 0.194 (0.197)
    Data 0.008 (0.009)
    Loss 0.9467 (1.1765)
    Accuracy Diabetes@ 0.989(0.9889)
        Diabetes F1 0.8389(0.8389)
            Diabetes recall 0.8261(0.8261)
            Diabetes precision 0.8520(0.8520)
    Accuracy Glaucoma@ 0.991(0.9909)
        Glaucoma F1 0.9372(0.9372)
            Glaucoma recall 0.9314(0.9314)
            Glaucoma precision 0.9432(0.9432)

2019-06-04 11:31:01,332:WARNING: Test: [27/28]
    Time 0.029 (0.057)
    Loss 0.5048 (0.8860)
    Accuracy Diabetes@ 0.994(0.9939)
        Diabetes F1 0.9074(0.9074)
            Diabetes recall 0.8596(0.8596)
            Diabetes precision 0.9608(0.9608)
    Accuracy Glaucoma@ 0.992(0.9915)
        Glaucoma F1 0.9435(0.9435)
            Glaucoma recall 0.9832(0.9832)
            Glaucoma precision 0.9070(0.9070)

2019-06-04 11:31:45,278:WARNING: Epoch: [17][219/220]
    Time 0.196 (0.198)
    Data 0.008 (0.009)
    Loss 1.3660 (1.2186)
    Accuracy Diabetes@ 0.987(0.9867)
        Diabetes F1 0.7982(0.7982)
            Diabetes recall 0.7565(0.7565)
            Diabetes precision 0.8447(0.8447)
    Accuracy Glaucoma@ 0.988(0.9879)
        Glaucoma F1 0.9177(0.9177)
            Glaucoma recall 0.9272(0.9272)
            Glaucoma precision 0.9084(0.9084)

2019-06-04 11:31:46,982:WARNING: Test: [27/28]
    Time 0.032 (0.059)
    Loss 0.3084 (0.9816)
    Accuracy Diabetes@ 0.988(0.9879)
        Diabetes F1 0.8361(0.8361)
            Diabetes recall 0.8947(0.8947)
            Diabetes precision 0.7846(0.7846)
    Accuracy Glaucoma@ 0.990(0.9903)
        Glaucoma F1 0.9304(0.9304)
            Glaucoma recall 0.8992(0.8992)
            Glaucoma precision 0.9640(0.9640)

2019-06-04 11:32:30,507:WARNING: Epoch: [18][219/220]
    Time 0.193 (0.197)
    Data 0.008 (0.009)
    Loss 0.3539 (1.1471)
    Accuracy Diabetes@ 0.987(0.9874)
        Diabetes F1 0.8168(0.8168)
            Diabetes recall 0.8043(0.8043)
            Diabetes precision 0.8296(0.8296)
    Accuracy Glaucoma@ 0.987(0.9873)
        Glaucoma F1 0.9127(0.9127)
            Glaucoma recall 0.9127(0.9127)
            Glaucoma precision 0.9127(0.9127)

2019-06-04 11:32:32,143:WARNING: Test: [27/28]
    Time 0.029 (0.057)
    Loss 0.5223 (1.3599)
    Accuracy Diabetes@ 0.990(0.9903)
        Diabetes F1 0.8644(0.8644)
            Diabetes recall 0.8947(0.8947)
            Diabetes precision 0.8361(0.8361)
    Accuracy Glaucoma@ 0.989(0.9891)
        Glaucoma F1 0.9224(0.9224)
            Glaucoma recall 0.8992(0.8992)
            Glaucoma precision 0.9469(0.9469)

2019-06-04 11:33:15,324:WARNING: Epoch: [19][219/220]
    Time 0.193 (0.195)
    Data 0.008 (0.009)
    Loss 0.5329 (0.9709)
    Accuracy Diabetes@ 0.990(0.9905)
        Diabetes F1 0.8615(0.8615)
            Diabetes recall 0.8522(0.8522)
            Diabetes precision 0.8711(0.8711)
    Accuracy Glaucoma@ 0.990(0.9900)
        Glaucoma F1 0.9310(0.9310)
            Glaucoma recall 0.9252(0.9252)
            Glaucoma precision 0.9368(0.9368)

2019-06-04 11:33:16,969:WARNING: Test: [27/28]
    Time 0.029 (0.058)
    Loss 0.2896 (0.8940)
    Accuracy Diabetes@ 0.990(0.9903)
        Diabetes F1 0.8491(0.8491)
            Diabetes recall 0.7895(0.7895)
            Diabetes precision 0.9184(0.9184)
    Accuracy Glaucoma@ 0.987(0.9867)
        Glaucoma F1 0.9127(0.9127)
            Glaucoma recall 0.9664(0.9664)
            Glaucoma precision 0.8647(0.8647)

2019-06-04 11:34:00,055:WARNING: Epoch: [20][219/220]
    Time 0.193 (0.195)
    Data 0.008 (0.009)
    Loss 1.1298 (0.9177)
    Accuracy Diabetes@ 0.990(0.9903)
        Diabetes F1 0.8644(0.8644)
            Diabetes recall 0.8870(0.8870)
            Diabetes precision 0.8430(0.8430)
    Accuracy Glaucoma@ 0.990(0.9898)
        Glaucoma F1 0.9291(0.9291)
            Glaucoma recall 0.9127(0.9127)
            Glaucoma precision 0.9461(0.9461)

2019-06-04 11:34:01,701:WARNING: Test: [27/28]
    Time 0.029 (0.058)
    Loss 1.1872 (0.6742)
    Accuracy Diabetes@ 0.994(0.9939)
        Diabetes F1 0.9231(0.9231)
            Diabetes recall 0.9474(0.9474)
            Diabetes precision 0.9000(0.9000)
    Accuracy Glaucoma@ 0.993(0.9927)
        Glaucoma F1 0.9536(0.9536)
            Glaucoma recall 0.9496(0.9496)
            Glaucoma precision 0.9576(0.9576)

2019-06-04 11:34:44,967:WARNING: Epoch: [21][219/220]
    Time 0.193 (0.195)
    Data 0.008 (0.009)
    Loss 0.5838 (1.0117)
    Accuracy Diabetes@ 0.988(0.9879)
        Diabetes F1 0.8276(0.8276)
            Diabetes recall 0.8348(0.8348)
            Diabetes precision 0.8205(0.8205)
    Accuracy Glaucoma@ 0.986(0.9864)
        Glaucoma F1 0.9049(0.9049)
            Glaucoma recall 0.8898(0.8898)
            Glaucoma precision 0.9204(0.9204)

2019-06-04 11:34:46,610:WARNING: Test: [27/28]
    Time 0.029 (0.058)
    Loss 0.3582 (0.9237)
    Accuracy Diabetes@ 0.989(0.9891)
        Diabetes F1 0.8333(0.8333)
            Diabetes recall 0.7895(0.7895)
            Diabetes precision 0.8824(0.8824)
    Accuracy Glaucoma@ 0.984(0.9842)
        Glaucoma F1 0.8952(0.8952)
            Glaucoma recall 0.9328(0.9328)
            Glaucoma precision 0.8605(0.8605)

2019-06-04 11:35:29,763:WARNING: Epoch: [22][219/220]
    Time 0.195 (0.195)
    Data 0.008 (0.009)
    Loss 0.2322 (0.8610)
    Accuracy Diabetes@ 0.990(0.9897)
        Diabetes F1 0.8515(0.8515)
            Diabetes recall 0.8478(0.8478)
            Diabetes precision 0.8553(0.8553)
    Accuracy Glaucoma@ 0.990(0.9905)
        Glaucoma F1 0.9347(0.9347)
            Glaucoma recall 0.9376(0.9376)
            Glaucoma precision 0.9318(0.9318)

2019-06-04 11:35:31,414:WARNING: Test: [27/28]
    Time 0.029 (0.058)
    Loss 0.1889 (0.5791)
    Accuracy Diabetes@ 0.993(0.9927)
        Diabetes F1 0.9016(0.9016)
            Diabetes recall 0.9649(0.9649)
            Diabetes precision 0.8462(0.8462)
    Accuracy Glaucoma@ 0.994(0.9939)
        Glaucoma F1 0.9569(0.9569)
            Glaucoma recall 0.9328(0.9328)
            Glaucoma precision 0.9823(0.9823)

2019-06-04 11:36:14,582:WARNING: Epoch: [23][219/220]
    Time 0.193 (0.195)
    Data 0.008 (0.009)
    Loss 0.1342 (0.7123)
    Accuracy Diabetes@ 0.993(0.9935)
        Diabetes F1 0.9063(0.9063)
            Diabetes recall 0.9043(0.9043)
            Diabetes precision 0.9083(0.9083)
    Accuracy Glaucoma@ 0.993(0.9935)
        Glaucoma F1 0.9549(0.9549)
            Glaucoma recall 0.9459(0.9459)
            Glaucoma precision 0.9640(0.9640)

2019-06-04 11:36:16,216:WARNING: Test: [27/28]
    Time 0.029 (0.057)
    Loss 0.7777 (0.5414)
    Accuracy Diabetes@ 0.994(0.9939)
        Diabetes F1 0.9167(0.9167)
            Diabetes recall 0.9649(0.9649)
            Diabetes precision 0.8730(0.8730)
    Accuracy Glaucoma@ 0.992(0.9915)
        Glaucoma F1 0.9437(0.9437)
            Glaucoma recall 0.9160(0.9160)
            Glaucoma precision 0.9732(0.9732)

2019-06-04 11:36:59,382:WARNING: Epoch: [24][219/220]
    Time 0.197 (0.195)
    Data 0.008 (0.009)
    Loss 0.1800 (0.7764)
    Accuracy Diabetes@ 0.990(0.9900)
        Diabetes F1 0.8553(0.8553)
            Diabetes recall 0.8478(0.8478)
            Diabetes precision 0.8628(0.8628)
    Accuracy Glaucoma@ 0.991(0.9911)
        Glaucoma F1 0.9387(0.9387)
            Glaucoma recall 0.9397(0.9397)
            Glaucoma precision 0.9378(0.9378)

2019-06-04 11:37:01,059:WARNING: Test: [27/28]
    Time 0.029 (0.059)
    Loss 0.0913 (0.6075)
    Accuracy Diabetes@ 0.993(0.9927)
        Diabetes F1 0.9016(0.9016)
            Diabetes recall 0.9649(0.9649)
            Diabetes precision 0.8462(0.8462)
    Accuracy Glaucoma@ 0.992(0.9915)
        Glaucoma F1 0.9386(0.9386)
            Glaucoma recall 0.8992(0.8992)
            Glaucoma precision 0.9817(0.9817)

2019-06-04 11:37:44,271:WARNING: Epoch: [25][219/220]
    Time 0.193 (0.195)
    Data 0.008 (0.009)
    Loss 1.1667 (0.7311)
    Accuracy Diabetes@ 0.991(0.9908)
        Diabetes F1 0.8677(0.8677)
            Diabetes recall 0.8696(0.8696)
            Diabetes precision 0.8658(0.8658)
    Accuracy Glaucoma@ 0.992(0.9917)
        Glaucoma F1 0.9425(0.9425)
            Glaucoma recall 0.9376(0.9376)
            Glaucoma precision 0.9475(0.9475)

2019-06-04 11:37:45,917:WARNING: Test: [27/28]
    Time 0.029 (0.058)
    Loss 0.0622 (0.4931)
    Accuracy Diabetes@ 0.993(0.9927)
        Diabetes F1 0.8983(0.8983)
            Diabetes recall 0.9298(0.9298)
            Diabetes precision 0.8689(0.8689)
    Accuracy Glaucoma@ 0.993(0.9927)
        Glaucoma F1 0.9487(0.9487)
            Glaucoma recall 0.9328(0.9328)
            Glaucoma precision 0.9652(0.9652)

2019-06-04 11:38:29,080:WARNING: Epoch: [26][219/220]
    Time 0.193 (0.195)
    Data 0.008 (0.009)
    Loss 2.6778 (0.8632)
    Accuracy Diabetes@ 0.988(0.9877)
        Diabetes F1 0.8228(0.8228)
            Diabetes recall 0.8174(0.8174)
            Diabetes precision 0.8282(0.8282)
    Accuracy Glaucoma@ 0.988(0.9877)
        Glaucoma F1 0.9150(0.9150)
            Glaucoma recall 0.9064(0.9064)
            Glaucoma precision 0.9237(0.9237)

2019-06-04 11:38:30,721:WARNING: Test: [27/28]
    Time 0.029 (0.057)
    Loss 0.1221 (0.5730)
    Accuracy Diabetes@ 0.993(0.9927)
        Diabetes F1 0.8824(0.8824)
            Diabetes recall 0.7895(0.7895)
            Diabetes precision 1.0000(1.0000)
    Accuracy Glaucoma@ 0.992(0.9915)
        Glaucoma F1 0.9444(0.9444)
            Glaucoma recall 1.0000(1.0000)
            Glaucoma precision 0.8947(0.8947)

2019-06-04 11:39:13,751:WARNING: Epoch: [27][219/220]
    Time 0.193 (0.195)
    Data 0.008 (0.009)
    Loss 3.1159 (0.6564)
    Accuracy Diabetes@ 0.993(0.9926)
        Diabetes F1 0.8884(0.8884)
            Diabetes recall 0.8478(0.8478)
            Diabetes precision 0.9330(0.9330)
    Accuracy Glaucoma@ 0.993(0.9932)
        Glaucoma F1 0.9536(0.9536)
            Glaucoma recall 0.9605(0.9605)
            Glaucoma precision 0.9467(0.9467)

2019-06-04 11:39:15,401:WARNING: Test: [27/28]
    Time 0.029 (0.058)
    Loss 0.0940 (0.3820)
    Accuracy Diabetes@ 0.994(0.9939)
        Diabetes F1 0.9167(0.9167)
            Diabetes recall 0.9649(0.9649)
            Diabetes precision 0.8730(0.8730)
    Accuracy Glaucoma@ 0.996(0.9964)
        Glaucoma F1 0.9746(0.9746)
            Glaucoma recall 0.9664(0.9664)
            Glaucoma precision 0.9829(0.9829)

2019-06-04 11:39:58,832:WARNING: Epoch: [28][219/220]
    Time 0.197 (0.196)
    Data 0.008 (0.009)
    Loss 0.8436 (0.5489)
    Accuracy Diabetes@ 0.994(0.9939)
        Diabetes F1 0.9130(0.9130)
            Diabetes recall 0.9130(0.9130)
            Diabetes precision 0.9130(0.9130)
    Accuracy Glaucoma@ 0.994(0.9942)
        Glaucoma F1 0.9602(0.9602)
            Glaucoma recall 0.9522(0.9522)
            Glaucoma precision 0.9683(0.9683)

2019-06-04 11:40:00,501:WARNING: Test: [27/28]
    Time 0.029 (0.058)
    Loss 0.0886 (0.5801)
    Accuracy Diabetes@ 0.993(0.9927)
        Diabetes F1 0.8947(0.8947)
            Diabetes recall 0.8947(0.8947)
            Diabetes precision 0.8947(0.8947)
    Accuracy Glaucoma@ 0.992(0.9915)
        Glaucoma F1 0.9407(0.9407)
            Glaucoma recall 0.9328(0.9328)
            Glaucoma precision 0.9487(0.9487)

2019-06-04 11:40:43,780:WARNING: Epoch: [29][219/220]
    Time 0.194 (0.196)
    Data 0.008 (0.009)
    Loss 0.1175 (0.6655)
    Accuracy Diabetes@ 0.991(0.9911)
        Diabetes F1 0.8692(0.8692)
            Diabetes recall 0.8522(0.8522)
            Diabetes precision 0.8869(0.8869)
    Accuracy Glaucoma@ 0.992(0.9917)
        Glaucoma F1 0.9430(0.9430)
            Glaucoma recall 0.9459(0.9459)
            Glaucoma precision 0.9401(0.9401)

2019-06-04 11:40:45,422:WARNING: Test: [27/28]
    Time 0.029 (0.058)
    Loss 0.1037 (0.4391)
    Accuracy Diabetes@ 0.994(0.9939)
        Diabetes F1 0.9138(0.9138)
            Diabetes recall 0.9298(0.9298)
            Diabetes precision 0.8983(0.8983)
    Accuracy Glaucoma@ 0.994(0.9939)
        Glaucoma F1 0.9576(0.9576)
            Glaucoma recall 0.9496(0.9496)
            Glaucoma precision 0.9658(0.9658)

2019-06-04 11:41:28,825:WARNING: Epoch: [30][219/220]
    Time 0.196 (0.196)
    Data 0.008 (0.009)
    Loss 3.7278 (0.5737)
    Accuracy Diabetes@ 0.993(0.9935)
        Diabetes F1 0.9075(0.9075)
            Diabetes recall 0.9174(0.9174)
            Diabetes precision 0.8979(0.8979)
    Accuracy Glaucoma@ 0.993(0.9929)
        Glaucoma F1 0.9507(0.9507)
            Glaucoma recall 0.9418(0.9418)
            Glaucoma precision 0.9597(0.9597)

2019-06-04 11:41:30,512:WARNING: Test: [27/28]
    Time 0.029 (0.059)
    Loss 0.0414 (0.5152)
    Accuracy Diabetes@ 0.993(0.9927)
        Diabetes F1 0.8909(0.8909)
            Diabetes recall 0.8596(0.8596)
            Diabetes precision 0.9245(0.9245)
    Accuracy Glaucoma@ 0.992(0.9915)
        Glaucoma F1 0.9426(0.9426)
            Glaucoma recall 0.9664(0.9664)
            Glaucoma precision 0.9200(0.9200)

