2019-06-06 00:03:19,998:WARNING: Loading Model
2019-06-06 00:03:20,179:WARNING: Model Loaded
2019-06-06 00:03:21,680:WARNING: ResNet(
  (features): Sequential(
    (0): Conv2d(1, 64, kernel_size=(7, 7), stride=(2, 2), padding=(3, 3), bias=False)
    (1): BatchNorm2d(64, eps=1e-05, momentum=0.1, affine=True, track_running_stats=True)
    (2): ReLU(inplace)
    (3): MaxPool2d(kernel_size=3, stride=2, padding=1, dilation=1, ceil_mode=False)
    (4): IdentityBlock(
      (Convpass): Sequential(
        (0): Conv2d(64, 160, kernel_size=(5, 5), stride=(1, 1), padding=(2, 2))
        (1): BatchNorm2d(160, eps=1e-05, momentum=0.1, affine=True, track_running_stats=True)
        (2): ReLU(inplace)
        (3): Conv2d(160, 256, kernel_size=(5, 5), stride=(1, 1), padding=(2, 2))
        (4): BatchNorm2d(256, eps=1e-05, momentum=0.1, affine=True, track_running_stats=True)
        (5): ReLU(inplace)
        (6): Conv2d(256, 256, kernel_size=(5, 5), stride=(2, 2), padding=(2, 2))
      )
      (identityPass): Conv2d(64, 256, kernel_size=(5, 5), stride=(2, 2), padding=(2, 2))
    )
    (5): BatchNorm2d(256, eps=1e-05, momentum=0.1, affine=True, track_running_stats=True)
    (6): ReLU(inplace)
    (7): MaxPool2d(kernel_size=3, stride=2, padding=1, dilation=1, ceil_mode=False)
    (8): IdentityBlock(
      (Convpass): Sequential(
        (0): Conv2d(256, 384, kernel_size=(7, 7), stride=(1, 1), padding=(3, 3))
        (1): BatchNorm2d(384, eps=1e-05, momentum=0.1, affine=True, track_running_stats=True)
        (2): ReLU(inplace)
        (3): Conv2d(384, 512, kernel_size=(7, 7), stride=(1, 1), padding=(3, 3))
        (4): BatchNorm2d(512, eps=1e-05, momentum=0.1, affine=True, track_running_stats=True)
        (5): ReLU(inplace)
        (6): Conv2d(512, 512, kernel_size=(7, 7), stride=(3, 3), padding=(3, 3))
      )
      (identityPass): Conv2d(256, 512, kernel_size=(7, 7), stride=(3, 3), padding=(3, 3))
    )
    (9): BatchNorm2d(512, eps=1e-05, momentum=0.1, affine=True, track_running_stats=True)
    (10): ReLU(inplace)
    (11): MaxPool2d(kernel_size=3, stride=1, padding=0, dilation=1, ceil_mode=False)
    (12): Conv2d(512, 512, kernel_size=(3, 3), stride=(1, 1))
    (13): BatchNorm2d(512, eps=1e-05, momentum=0.1, affine=True, track_running_stats=True)
    (14): ReLU(inplace)
    (15): MaxPool2d(kernel_size=2, stride=2, padding=0, dilation=1, ceil_mode=False)
  )
  (classifier): Sequential(
    (0): Dropout(p=0.5)
    (1): Linear(in_features=512, out_features=256, bias=True)
    (2): BatchNorm1d(256, eps=1e-05, momentum=0.1, affine=True, track_running_stats=True)
    (3): ReLU(inplace)
    (4): Linear(in_features=256, out_features=2, bias=True)
  )
)
2019-06-06 00:03:25,746:WARNING: Test: [9/10]
    Time 1.219 (0.403)
    Loss 33.6144 (47.6360)
    Accuracy Diabetes@ 0.121(0.1209)
        Diabetes F1 0.2147(0.2147)
            Diabetes recall 1.0000(1.0000)
            Diabetes precision 0.1203(0.1203)
    Accuracy Glaucoma@ 0.881(0.8812)
        Glaucoma F1 nan(nan)
            Glaucoma recall 0.0000(0.0000)
            Glaucoma precision 0.0000(0.0000)

2019-06-06 00:03:58,361:WARNING: Epoch: [0][77/78]
    Time 2.799 (0.418)
    Data 0.231 (0.232)
    Loss 6.3496 (18.3161)
    Accuracy Diabetes@ 0.873(0.8731)
        Diabetes F1 0.5470(0.5470)
            Diabetes recall 0.6345(0.6345)
            Diabetes precision 0.4807(0.4807)
    Accuracy Glaucoma@ 0.878(0.8776)
        Glaucoma F1 0.5696(0.5696)
            Glaucoma recall 0.6828(0.6828)
            Glaucoma precision 0.4886(0.4886)

2019-06-06 00:03:59,797:WARNING: Test: [9/10]
    Time 0.074 (0.138)
    Loss 17.0053 (18.0220)
    Accuracy Diabetes@ 0.900(0.8998)
        Diabetes F1 0.4963(0.4963)
            Diabetes recall 0.4074(0.4074)
            Diabetes precision 0.6347(0.6347)
    Accuracy Glaucoma@ 0.882(0.8822)
        Glaucoma F1 0.6679(0.6679)
            Glaucoma recall 0.9911(0.9911)
            Glaucoma precision 0.5037(0.5037)

2019-06-06 00:04:27,892:WARNING: Epoch: [1][77/78]
    Time 0.291 (0.346)
    Data 0.231 (0.234)
    Loss 9.9053 (14.6739)
    Accuracy Diabetes@ 0.906(0.9059)
        Diabetes F1 0.6642(0.6642)
            Diabetes recall 0.7696(0.7696)
            Diabetes precision 0.5842(0.5842)
    Accuracy Glaucoma@ 0.906(0.9063)
        Glaucoma F1 0.6691(0.6691)
            Glaucoma recall 0.7981(0.7981)
            Glaucoma precision 0.5760(0.5760)

2019-06-06 00:04:29,319:WARNING: Test: [9/10]
    Time 0.073 (0.140)
    Loss 10.4050 (13.6768)
    Accuracy Diabetes@ 0.910(0.9101)
        Diabetes F1 0.6760(0.6760)
            Diabetes recall 0.7772(0.7772)
            Diabetes precision 0.5982(0.5982)
    Accuracy Glaucoma@ 0.910(0.9101)
        Glaucoma F1 0.7039(0.7039)
            Glaucoma recall 0.8961(0.8961)
            Glaucoma precision 0.5796(0.5796)

2019-06-06 00:04:57,494:WARNING: Epoch: [2][77/78]
    Time 0.294 (0.346)
    Data 0.233 (0.234)
    Loss 8.4450 (13.6676)
    Accuracy Diabetes@ 0.917(0.9166)
        Diabetes F1 0.6888(0.6888)
            Diabetes recall 0.7614(0.7614)
            Diabetes precision 0.6289(0.6289)
    Accuracy Glaucoma@ 0.918(0.9180)
        Glaucoma F1 0.6871(0.6871)
            Glaucoma recall 0.7579(0.7579)
            Glaucoma precision 0.6284(0.6284)

2019-06-06 00:04:58,846:WARNING: Test: [9/10]
    Time 0.073 (0.132)
    Loss 11.5176 (15.7092)
    Accuracy Diabetes@ 0.892(0.8915)
        Diabetes F1 0.6339(0.6339)
            Diabetes recall 0.7768(0.7768)
            Diabetes precision 0.5354(0.5354)
    Accuracy Glaucoma@ 0.911(0.9112)
        Glaucoma F1 0.5701(0.5701)
            Glaucoma recall 0.4959(0.4959)
            Glaucoma precision 0.6705(0.6705)

2019-06-06 00:05:26,615:WARNING: Epoch: [3][77/78]
    Time 0.293 (0.347)
    Data 0.232 (0.234)
    Loss 3.8737 (13.2117)
    Accuracy Diabetes@ 0.923(0.9227)
        Diabetes F1 0.7101(0.7101)
            Diabetes recall 0.7842(0.7842)
            Diabetes precision 0.6488(0.6488)
    Accuracy Glaucoma@ 0.920(0.9203)
        Glaucoma F1 0.7012(0.7012)
            Glaucoma recall 0.7856(0.7856)
            Glaucoma precision 0.6331(0.6331)

2019-06-06 00:05:28,073:WARNING: Test: [9/10]
    Time 0.072 (0.142)
    Loss 11.7627 (15.9482)
    Accuracy Diabetes@ 0.904(0.9039)
        Diabetes F1 0.6971(0.6971)
            Diabetes recall 0.9146(0.9146)
            Diabetes precision 0.5632(0.5632)
    Accuracy Glaucoma@ 0.902(0.9019)
        Glaucoma F1 0.4364(0.4364)
            Glaucoma recall 0.3205(0.3205)
            Glaucoma precision 0.6836(0.6836)

2019-06-06 00:05:55,660:WARNING: Epoch: [4][77/78]
    Time 0.297 (0.344)
    Data 0.232 (0.232)
    Loss 4.0659 (13.3813)
    Accuracy Diabetes@ 0.923(0.9225)
        Diabetes F1 0.7086(0.7086)
            Diabetes recall 0.7785(0.7785)
            Diabetes precision 0.6501(0.6501)
    Accuracy Glaucoma@ 0.920(0.9197)
        Glaucoma F1 0.6982(0.6982)
            Glaucoma recall 0.7822(0.7822)
            Glaucoma precision 0.6305(0.6305)

2019-06-06 00:05:57,073:WARNING: Test: [9/10]
    Time 0.073 (0.138)
    Loss 13.8063 (18.5322)
    Accuracy Diabetes@ 0.881(0.8812)
        Diabetes F1 0.6627(0.6627)
            Diabetes recall 0.9677(0.9677)
            Diabetes precision 0.5038(0.5038)
    Accuracy Glaucoma@ 0.890(0.8905)
        Glaucoma F1 0.1838(0.1838)
            Glaucoma recall 0.1039(0.1039)
            Glaucoma precision 0.7956(0.7956)

2019-06-06 00:06:24,778:WARNING: Epoch: [5][77/78]
    Time 0.293 (0.346)
    Data 0.231 (0.233)
    Loss 7.1007 (13.2853)
    Accuracy Diabetes@ 0.921(0.9214)
        Diabetes F1 0.7056(0.7056)
            Diabetes recall 0.7785(0.7785)
            Diabetes precision 0.6452(0.6452)
    Accuracy Glaucoma@ 0.922(0.9222)
        Glaucoma F1 0.7022(0.7022)
            Glaucoma recall 0.7718(0.7718)
            Glaucoma precision 0.6441(0.6441)

2019-06-06 00:06:26,179:WARNING: Test: [9/10]
    Time 0.072 (0.137)
    Loss 13.4225 (19.1067)
    Accuracy Diabetes@ 0.880(0.8802)
        Diabetes F1 0.6654(0.6654)
            Diabetes recall 0.9912(0.9912)
            Diabetes precision 0.5008(0.5008)
    Accuracy Glaucoma@ 0.883(0.8833)
        Glaucoma F1 0.1218(0.1218)
            Glaucoma recall 0.0683(0.0683)
            Glaucoma precision 0.5614(0.5614)

2019-06-06 00:07:34,786:WARNING: Loading Model
2019-06-06 00:07:34,969:WARNING: Model Loaded
2019-06-06 00:07:36,504:WARNING: ResNet(
  (features): Sequential(
    (0): Conv2d(1, 64, kernel_size=(7, 7), stride=(2, 2), padding=(3, 3), bias=False)
    (1): BatchNorm2d(64, eps=1e-05, momentum=0.1, affine=True, track_running_stats=True)
    (2): ReLU(inplace)
    (3): MaxPool2d(kernel_size=3, stride=2, padding=1, dilation=1, ceil_mode=False)
    (4): IdentityBlock(
      (Convpass): Sequential(
        (0): Conv2d(64, 160, kernel_size=(5, 5), stride=(1, 1), padding=(2, 2))
        (1): BatchNorm2d(160, eps=1e-05, momentum=0.1, affine=True, track_running_stats=True)
        (2): ReLU(inplace)
        (3): Conv2d(160, 256, kernel_size=(5, 5), stride=(1, 1), padding=(2, 2))
        (4): BatchNorm2d(256, eps=1e-05, momentum=0.1, affine=True, track_running_stats=True)
        (5): ReLU(inplace)
        (6): Conv2d(256, 256, kernel_size=(5, 5), stride=(2, 2), padding=(2, 2))
      )
      (identityPass): Conv2d(64, 256, kernel_size=(5, 5), stride=(2, 2), padding=(2, 2))
    )
    (5): BatchNorm2d(256, eps=1e-05, momentum=0.1, affine=True, track_running_stats=True)
    (6): ReLU(inplace)
    (7): MaxPool2d(kernel_size=3, stride=2, padding=1, dilation=1, ceil_mode=False)
    (8): IdentityBlock(
      (Convpass): Sequential(
        (0): Conv2d(256, 384, kernel_size=(7, 7), stride=(1, 1), padding=(3, 3))
        (1): BatchNorm2d(384, eps=1e-05, momentum=0.1, affine=True, track_running_stats=True)
        (2): ReLU(inplace)
        (3): Conv2d(384, 512, kernel_size=(7, 7), stride=(1, 1), padding=(3, 3))
        (4): BatchNorm2d(512, eps=1e-05, momentum=0.1, affine=True, track_running_stats=True)
        (5): ReLU(inplace)
        (6): Conv2d(512, 512, kernel_size=(7, 7), stride=(3, 3), padding=(3, 3))
      )
      (identityPass): Conv2d(256, 512, kernel_size=(7, 7), stride=(3, 3), padding=(3, 3))
    )
    (9): BatchNorm2d(512, eps=1e-05, momentum=0.1, affine=True, track_running_stats=True)
    (10): ReLU(inplace)
    (11): MaxPool2d(kernel_size=3, stride=1, padding=0, dilation=1, ceil_mode=False)
    (12): Conv2d(512, 512, kernel_size=(3, 3), stride=(1, 1))
    (13): BatchNorm2d(512, eps=1e-05, momentum=0.1, affine=True, track_running_stats=True)
    (14): ReLU(inplace)
    (15): MaxPool2d(kernel_size=2, stride=2, padding=0, dilation=1, ceil_mode=False)
  )
  (classifier): Sequential(
    (0): Dropout(p=0.5)
    (1): Linear(in_features=512, out_features=256, bias=True)
    (2): BatchNorm1d(256, eps=1e-05, momentum=0.1, affine=True, track_running_stats=True)
    (3): ReLU(inplace)
    (4): Linear(in_features=256, out_features=2, bias=True)
  )
)
2019-06-06 00:07:39,899:WARNING: Test: [8/9]
    Time 0.567 (0.373)
    Loss 11.0339 (43.9904)
    Accuracy Diabetes@ 0.035(0.0352)
        Diabetes F1 0.0677(0.0677)
            Diabetes recall 1.0000(1.0000)
            Diabetes precision 0.0350(0.0350)
    Accuracy Glaucoma@ 0.927(0.9273)
        Glaucoma F1 nan(nan)
            Glaucoma recall 0.0000(0.0000)
            Glaucoma precision 0.0000(0.0000)

2019-06-06 00:08:06,184:WARNING: Epoch: [0][65/66]
    Time 0.342 (0.394)
    Data 0.232 (0.233)
    Loss 5.3000 (11.4470)
    Accuracy Diabetes@ 0.957(0.9568)
        Diabetes F1 0.0206(0.0206)
            Diabetes recall 0.0130(0.0130)
            Diabetes precision 0.0492(0.0492)
    Accuracy Glaucoma@ 0.921(0.9212)
        Glaucoma F1 0.2442(0.2442)
            Glaucoma recall 0.1746(0.1746)
            Glaucoma precision 0.4058(0.4058)

2019-06-06 00:08:07,368:WARNING: Test: [8/9]
    Time 0.036 (0.128)
    Loss 12.1618 (48.4662)
    Accuracy Diabetes@ 0.965(0.9648)
        Diabetes F1 nan(nan)
            Diabetes recall 0.0000(0.0000)
            Diabetes precision 0.0000(0.0000)
    Accuracy Glaucoma@ 0.131(0.1309)
        Glaucoma F1 0.1446(0.1446)
            Glaucoma recall 1.0000(1.0000)
            Glaucoma precision 0.0779(0.0779)

2019-06-06 00:08:31,222:WARNING: Epoch: [1][65/66]
    Time 0.354 (0.348)
    Data 0.240 (0.235)
    Loss 2.6876 (8.1226)
    Accuracy Diabetes@ 0.965(0.9652)
        Diabetes F1 nan(nan)
            Diabetes recall 0.0000(0.0000)
            Diabetes precision 0.0000(0.0000)
    Accuracy Glaucoma@ 0.950(0.9500)
        Glaucoma F1 0.6436(0.6436)
            Glaucoma recall 0.6195(0.6195)
            Glaucoma precision 0.6697(0.6697)

2019-06-06 00:08:32,474:WARNING: Test: [8/9]
    Time 0.035 (0.136)
    Loss 1.9441 (6.7578)
    Accuracy Diabetes@ 0.965(0.9648)
        Diabetes F1 nan(nan)
            Diabetes recall 0.0000(0.0000)
            Diabetes precision 0.0000(0.0000)
    Accuracy Glaucoma@ 0.962(0.9624)
        Glaucoma F1 0.7788(0.7788)
            Glaucoma recall 0.8987(0.8987)
            Glaucoma precision 0.6871(0.6871)

2019-06-06 00:08:56,409:WARNING: Epoch: [2][65/66]
    Time 0.347 (0.349)
    Data 0.235 (0.237)
    Loss 4.9678 (6.0578)
    Accuracy Diabetes@ 0.965(0.9652)
        Diabetes F1 nan(nan)
            Diabetes recall 0.0000(0.0000)
            Diabetes precision 0.0000(0.0000)
    Accuracy Glaucoma@ 0.968(0.9679)
        Glaucoma F1 0.8097(0.8097)
            Glaucoma recall 0.9376(0.9376)
            Glaucoma precision 0.7125(0.7125)

2019-06-06 00:08:57,639:WARNING: Test: [8/9]
    Time 0.035 (0.132)
    Loss 2.5219 (11.4994)
    Accuracy Diabetes@ 0.965(0.9648)
        Diabetes F1 nan(nan)
            Diabetes recall 0.0000(0.0000)
            Diabetes precision 0.0000(0.0000)
    Accuracy Glaucoma@ 0.902(0.9018)
        Glaucoma F1 0.5925(0.5925)
            Glaucoma recall 0.9662(0.9662)
            Glaucoma precision 0.4272(0.4272)

2019-06-06 00:09:21,722:WARNING: Epoch: [3][65/66]
    Time 0.341 (0.352)
    Data 0.232 (0.238)
    Loss 8.7985 (5.1191)
    Accuracy Diabetes@ 0.972(0.9721)
        Diabetes F1 0.4458(0.4458)
            Diabetes recall 0.3217(0.3217)
            Diabetes precision 0.7255(0.7255)
    Accuracy Glaucoma@ 0.974(0.9742)
        Glaucoma F1 0.8369(0.8369)
            Glaucoma recall 0.9064(0.9064)
            Glaucoma precision 0.7772(0.7772)

2019-06-06 00:09:22,950:WARNING: Test: [8/9]
    Time 0.035 (0.132)
    Loss 1.0383 (5.3151)
    Accuracy Diabetes@ 0.967(0.9673)
        Diabetes F1 0.5532(0.5532)
            Diabetes recall 0.5752(0.5752)
            Diabetes precision 0.5328(0.5328)
    Accuracy Glaucoma@ 0.975(0.9745)
        Glaucoma F1 0.8272(0.8272)
            Glaucoma recall 0.8481(0.8481)
            Glaucoma precision 0.8072(0.8072)

2019-06-06 00:09:46,871:WARNING: Epoch: [4][65/66]
    Time 0.342 (0.349)
    Data 0.232 (0.236)
    Loss 5.8093 (4.4414)
    Accuracy Diabetes@ 0.979(0.9788)
        Diabetes F1 0.6714(0.6714)
            Diabetes recall 0.6217(0.6217)
            Diabetes precision 0.7296(0.7296)
    Accuracy Glaucoma@ 0.976(0.9761)
        Glaucoma F1 0.8460(0.8460)
            Glaucoma recall 0.9023(0.9023)
            Glaucoma precision 0.7963(0.7963)

2019-06-06 00:09:48,080:WARNING: Test: [8/9]
    Time 0.035 (0.131)
    Loss 0.5310 (6.5454)
    Accuracy Diabetes@ 0.959(0.9588)
        Diabetes F1 0.1605(0.1605)
            Diabetes recall 0.1150(0.1150)
            Diabetes precision 0.2653(0.2653)
    Accuracy Glaucoma@ 0.960(0.9600)
        Glaucoma F1 0.7452(0.7452)
            Glaucoma recall 0.8143(0.8143)
            Glaucoma precision 0.6868(0.6868)

2019-06-06 00:10:11,721:WARNING: Epoch: [5][65/66]
    Time 0.344 (0.346)
    Data 0.232 (0.233)
    Loss 2.4917 (4.2492)
    Accuracy Diabetes@ 0.979(0.9794)
        Diabetes F1 0.6715(0.6715)
            Diabetes recall 0.6043(0.6043)
            Diabetes precision 0.7554(0.7554)
    Accuracy Glaucoma@ 0.979(0.9789)
        Glaucoma F1 0.8662(0.8662)
            Glaucoma recall 0.9356(0.9356)
            Glaucoma precision 0.8065(0.8065)

2019-06-06 00:10:12,922:WARNING: Test: [8/9]
    Time 0.035 (0.130)
    Loss 2.0105 (5.7952)
    Accuracy Diabetes@ 0.968(0.9685)
        Diabetes F1 0.2406(0.2406)
            Diabetes recall 0.1416(0.1416)
            Diabetes precision 0.8000(0.8000)
    Accuracy Glaucoma@ 0.966(0.9661)
        Glaucoma F1 0.8130(0.8130)
            Glaucoma recall 1.0000(1.0000)
            Glaucoma precision 0.6850(0.6850)

2019-06-06 00:10:36,736:WARNING: Epoch: [6][65/66]
    Time 0.379 (0.348)
    Data 0.255 (0.235)
    Loss 4.1301 (4.5133)
    Accuracy Diabetes@ 0.978(0.9779)
        Diabetes F1 0.6473(0.6473)
            Diabetes recall 0.5826(0.5826)
            Diabetes precision 0.7283(0.7283)
    Accuracy Glaucoma@ 0.976(0.9756)
        Glaucoma F1 0.8423(0.8423)
            Glaucoma recall 0.8940(0.8940)
            Glaucoma precision 0.7963(0.7963)

2019-06-06 00:10:37,960:WARNING: Test: [8/9]
    Time 0.036 (0.133)
    Loss 10.1244 (36.0797)
    Accuracy Diabetes@ 0.964(0.9636)
        Diabetes F1 nan(nan)
            Diabetes recall 0.0000(0.0000)
            Diabetes precision 0.0000(0.0000)
    Accuracy Glaucoma@ 0.453(0.4533)
        Glaucoma F1 0.1614(0.1614)
            Glaucoma recall 0.7131(0.7131)
            Glaucoma precision 0.0910(0.0910)

2019-06-06 00:11:15,236:WARNING: Loading Model
2019-06-06 00:11:15,419:WARNING: Model Loaded
2019-06-06 00:11:16,933:WARNING: ResNet(
  (features): Sequential(
    (0): Conv2d(1, 64, kernel_size=(7, 7), stride=(2, 2), padding=(3, 3), bias=False)
    (1): BatchNorm2d(64, eps=1e-05, momentum=0.1, affine=True, track_running_stats=True)
    (2): ReLU(inplace)
    (3): MaxPool2d(kernel_size=3, stride=2, padding=1, dilation=1, ceil_mode=False)
    (4): IdentityBlock(
      (Convpass): Sequential(
        (0): Conv2d(64, 160, kernel_size=(5, 5), stride=(1, 1), padding=(2, 2))
        (1): BatchNorm2d(160, eps=1e-05, momentum=0.1, affine=True, track_running_stats=True)
        (2): ReLU(inplace)
        (3): Conv2d(160, 256, kernel_size=(5, 5), stride=(1, 1), padding=(2, 2))
        (4): BatchNorm2d(256, eps=1e-05, momentum=0.1, affine=True, track_running_stats=True)
        (5): ReLU(inplace)
        (6): Conv2d(256, 256, kernel_size=(5, 5), stride=(2, 2), padding=(2, 2))
      )
      (identityPass): Conv2d(64, 256, kernel_size=(5, 5), stride=(2, 2), padding=(2, 2))
    )
    (5): BatchNorm2d(256, eps=1e-05, momentum=0.1, affine=True, track_running_stats=True)
    (6): ReLU(inplace)
    (7): MaxPool2d(kernel_size=3, stride=2, padding=1, dilation=1, ceil_mode=False)
    (8): IdentityBlock(
      (Convpass): Sequential(
        (0): Conv2d(256, 384, kernel_size=(7, 7), stride=(1, 1), padding=(3, 3))
        (1): BatchNorm2d(384, eps=1e-05, momentum=0.1, affine=True, track_running_stats=True)
        (2): ReLU(inplace)
        (3): Conv2d(384, 512, kernel_size=(7, 7), stride=(1, 1), padding=(3, 3))
        (4): BatchNorm2d(512, eps=1e-05, momentum=0.1, affine=True, track_running_stats=True)
        (5): ReLU(inplace)
        (6): Conv2d(512, 512, kernel_size=(7, 7), stride=(3, 3), padding=(3, 3))
      )
      (identityPass): Conv2d(256, 512, kernel_size=(7, 7), stride=(3, 3), padding=(3, 3))
    )
    (9): BatchNorm2d(512, eps=1e-05, momentum=0.1, affine=True, track_running_stats=True)
    (10): ReLU(inplace)
    (11): MaxPool2d(kernel_size=3, stride=1, padding=0, dilation=1, ceil_mode=False)
    (12): Conv2d(512, 512, kernel_size=(3, 3), stride=(1, 1))
    (13): BatchNorm2d(512, eps=1e-05, momentum=0.1, affine=True, track_running_stats=True)
    (14): ReLU(inplace)
    (15): MaxPool2d(kernel_size=2, stride=2, padding=0, dilation=1, ceil_mode=False)
  )
  (classifier): Sequential(
    (0): Dropout(p=0.5)
    (1): Linear(in_features=512, out_features=256, bias=True)
    (2): BatchNorm1d(256, eps=1e-05, momentum=0.1, affine=True, track_running_stats=True)
    (3): ReLU(inplace)
    (4): Linear(in_features=256, out_features=2, bias=True)
  )
)
2019-06-06 00:11:20,278:WARNING: Test: [8/9]
    Time 0.535 (0.368)
    Loss 11.0339 (43.9904)
    Accuracy Diabetes@ 0.035(0.0352)
        Diabetes F1 0.0677(0.0677)
            Diabetes recall 1.0000(1.0000)
            Diabetes precision 0.0350(0.0350)
    Accuracy Glaucoma@ 0.927(0.9273)
        Glaucoma F1 nan(nan)
            Glaucoma recall 0.0000(0.0000)
            Glaucoma precision 0.0000(0.0000)

2019-06-06 00:11:46,464:WARNING: Epoch: [0][65/66]
    Time 0.360 (0.393)
    Data 0.241 (0.231)
    Loss 4.2123 (11.1453)
    Accuracy Diabetes@ 0.957(0.9567)
        Diabetes F1 0.0205(0.0205)
            Diabetes recall 0.0130(0.0130)
            Diabetes precision 0.0484(0.0484)
    Accuracy Glaucoma@ 0.924(0.9239)
        Glaucoma F1 0.3047(0.3047)
            Glaucoma recall 0.2287(0.2287)
            Glaucoma precision 0.4564(0.4564)

2019-06-06 00:11:47,675:WARNING: Test: [8/9]
    Time 0.035 (0.131)
    Loss 2.2550 (10.9821)
    Accuracy Diabetes@ 0.965(0.9648)
        Diabetes F1 nan(nan)
            Diabetes recall 0.0000(0.0000)
            Diabetes precision 0.0000(0.0000)
    Accuracy Glaucoma@ 0.914(0.9139)
        Glaucoma F1 0.6113(0.6113)
            Glaucoma recall 0.9325(0.9325)
            Glaucoma precision 0.4547(0.4547)

2019-06-06 00:12:11,753:WARNING: Epoch: [1][65/66]
    Time 0.345 (0.351)
    Data 0.233 (0.237)
    Loss 2.1857 (6.1746)
    Accuracy Diabetes@ 0.965(0.9652)
        Diabetes F1 nan(nan)
            Diabetes recall 0.0000(0.0000)
            Diabetes precision 0.0000(0.0000)
    Accuracy Glaucoma@ 0.967(0.9665)
        Glaucoma F1 0.7982(0.7982)
            Glaucoma recall 0.9085(0.9085)
            Glaucoma precision 0.7117(0.7117)

2019-06-06 00:12:12,946:WARNING: Test: [8/9]
    Time 0.035 (0.129)
    Loss 1.0420 (6.4636)
    Accuracy Diabetes@ 0.965(0.9648)
        Diabetes F1 nan(nan)
            Diabetes recall 0.0000(0.0000)
            Diabetes precision 0.0000(0.0000)
    Accuracy Glaucoma@ 0.960(0.9600)
        Glaucoma F1 0.7832(0.7832)
            Glaucoma recall 0.9831(0.9831)
            Glaucoma precision 0.6508(0.6508)

2019-06-06 00:12:36,779:WARNING: Epoch: [2][65/66]
    Time 0.342 (0.347)
    Data 0.232 (0.235)
    Loss 5.7297 (4.9625)
    Accuracy Diabetes@ 0.976(0.9762)
        Diabetes F1 0.5476(0.5476)
            Diabetes recall 0.4130(0.4130)
            Diabetes precision 0.8120(0.8120)
    Accuracy Glaucoma@ 0.976(0.9764)
        Glaucoma F1 0.8491(0.8491)
            Glaucoma recall 0.9127(0.9127)
            Glaucoma precision 0.7939(0.7939)

2019-06-06 00:12:37,992:WARNING: Test: [8/9]
    Time 0.035 (0.132)
    Loss 0.3474 (5.2977)
    Accuracy Diabetes@ 0.978(0.9782)
        Diabetes F1 0.5765(0.5765)
            Diabetes recall 0.4336(0.4336)
            Diabetes precision 0.8596(0.8596)
    Accuracy Glaucoma@ 0.971(0.9709)
        Glaucoma F1 0.8216(0.8216)
            Glaucoma recall 0.9325(0.9325)
            Glaucoma precision 0.7342(0.7342)

2019-06-06 00:13:02,032:WARNING: Epoch: [3][65/66]
    Time 0.343 (0.351)
    Data 0.232 (0.238)
    Loss 9.1151 (4.2891)
    Accuracy Diabetes@ 0.978(0.9785)
        Diabetes F1 0.6713(0.6713)
            Diabetes recall 0.6304(0.6304)
            Diabetes precision 0.7178(0.7178)
    Accuracy Glaucoma@ 0.977(0.9770)
        Glaucoma F1 0.8527(0.8527)
            Glaucoma recall 0.9148(0.9148)
            Glaucoma precision 0.7985(0.7985)

2019-06-06 00:13:03,217:WARNING: Test: [8/9]
    Time 0.035 (0.128)
    Loss 1.7492 (7.6244)
    Accuracy Diabetes@ 0.950(0.9503)
        Diabetes F1 0.5251(0.5251)
            Diabetes recall 0.7876(0.7876)
            Diabetes precision 0.3938(0.3938)
    Accuracy Glaucoma@ 0.950(0.9503)
        Glaucoma F1 0.5540(0.5540)
            Glaucoma recall 0.4219(0.4219)
            Glaucoma precision 0.8065(0.8065)

2019-06-06 00:13:27,029:WARNING: Epoch: [4][65/66]
    Time 0.343 (0.347)
    Data 0.233 (0.235)
    Loss 4.0584 (4.0484)
    Accuracy Diabetes@ 0.980(0.9803)
        Diabetes F1 0.6875(0.6875)
            Diabetes recall 0.6217(0.6217)
            Diabetes precision 0.7688(0.7688)
    Accuracy Glaucoma@ 0.980(0.9795)
        Glaucoma F1 0.8701(0.8701)
            Glaucoma recall 0.9397(0.9397)
            Glaucoma precision 0.8100(0.8100)

2019-06-06 00:13:28,256:WARNING: Test: [8/9]
    Time 0.035 (0.133)
    Loss 1.7517 (5.4062)
    Accuracy Diabetes@ 0.975(0.9745)
        Diabetes F1 0.6301(0.6301)
            Diabetes recall 0.6106(0.6106)
            Diabetes precision 0.6509(0.6509)
    Accuracy Glaucoma@ 0.973(0.9733)
        Glaucoma F1 0.8218(0.8218)
            Glaucoma recall 0.8270(0.8270)
            Glaucoma precision 0.8167(0.8167)

2019-06-06 00:14:55,657:WARNING: Loading Model
2019-06-06 00:14:55,881:WARNING: Model Loaded
2019-06-06 00:14:57,939:WARNING: ResNet(
  (features): Sequential(
    (0): Conv2d(1, 64, kernel_size=(7, 7), stride=(2, 2), padding=(3, 3), bias=False)
    (1): BatchNorm2d(64, eps=1e-05, momentum=0.1, affine=True, track_running_stats=True)
    (2): ReLU(inplace)
    (3): MaxPool2d(kernel_size=3, stride=2, padding=1, dilation=1, ceil_mode=False)
    (4): IdentityBlock(
      (Convpass): Sequential(
        (0): Conv2d(64, 160, kernel_size=(5, 5), stride=(1, 1), padding=(2, 2))
        (1): BatchNorm2d(160, eps=1e-05, momentum=0.1, affine=True, track_running_stats=True)
        (2): ReLU(inplace)
        (3): Conv2d(160, 256, kernel_size=(5, 5), stride=(1, 1), padding=(2, 2))
        (4): BatchNorm2d(256, eps=1e-05, momentum=0.1, affine=True, track_running_stats=True)
        (5): ReLU(inplace)
        (6): Conv2d(256, 256, kernel_size=(5, 5), stride=(2, 2), padding=(2, 2))
      )
      (identityPass): Conv2d(64, 256, kernel_size=(5, 5), stride=(2, 2), padding=(2, 2))
    )
    (5): BatchNorm2d(256, eps=1e-05, momentum=0.1, affine=True, track_running_stats=True)
    (6): ReLU(inplace)
    (7): MaxPool2d(kernel_size=3, stride=2, padding=1, dilation=1, ceil_mode=False)
    (8): IdentityBlock(
      (Convpass): Sequential(
        (0): Conv2d(256, 384, kernel_size=(7, 7), stride=(1, 1), padding=(3, 3))
        (1): BatchNorm2d(384, eps=1e-05, momentum=0.1, affine=True, track_running_stats=True)
        (2): ReLU(inplace)
        (3): Conv2d(384, 512, kernel_size=(7, 7), stride=(1, 1), padding=(3, 3))
        (4): BatchNorm2d(512, eps=1e-05, momentum=0.1, affine=True, track_running_stats=True)
        (5): ReLU(inplace)
        (6): Conv2d(512, 512, kernel_size=(7, 7), stride=(3, 3), padding=(3, 3))
      )
      (identityPass): Conv2d(256, 512, kernel_size=(7, 7), stride=(3, 3), padding=(3, 3))
    )
    (9): BatchNorm2d(512, eps=1e-05, momentum=0.1, affine=True, track_running_stats=True)
    (10): ReLU(inplace)
    (11): MaxPool2d(kernel_size=3, stride=1, padding=0, dilation=1, ceil_mode=False)
    (12): Conv2d(512, 512, kernel_size=(3, 3), stride=(1, 1))
    (13): BatchNorm2d(512, eps=1e-05, momentum=0.1, affine=True, track_running_stats=True)
    (14): ReLU(inplace)
    (15): MaxPool2d(kernel_size=2, stride=2, padding=0, dilation=1, ceil_mode=False)
  )
  (classifier): Sequential(
    (0): Dropout(p=0.5)
    (1): Linear(in_features=512, out_features=256, bias=True)
    (2): BatchNorm1d(256, eps=1e-05, momentum=0.1, affine=True, track_running_stats=True)
    (3): ReLU(inplace)
    (4): Linear(in_features=256, out_features=2, bias=True)
  )
)
2019-06-06 00:15:01,023:WARNING: Test: [8/9]
    Time 0.483 (0.340)
    Loss 11.0339 (43.9904)
    Accuracy Diabetes@ 0.035(0.0352)
        Diabetes F1 0.0677(0.0677)
            Diabetes recall 1.0000(1.0000)
            Diabetes precision 0.0350(0.0350)
    Accuracy Glaucoma@ 0.927(0.9273)
        Glaucoma F1 nan(nan)
            Glaucoma recall 0.0000(0.0000)
            Glaucoma precision 0.0000(0.0000)

2019-06-06 00:15:27,171:WARNING: Epoch: [0][65/66]
    Time 0.357 (0.392)
    Data 0.242 (0.235)
    Loss 6.0336 (17.7337)
    Accuracy Diabetes@ 0.936(0.9358)
        Diabetes F1 0.3049(0.3049)
            Diabetes recall 0.4043(0.4043)
            Diabetes precision 0.2447(0.2447)
    Accuracy Glaucoma@ 0.947(0.9471)
        Glaucoma F1 0.7188(0.7188)
            Glaucoma recall 0.9272(0.9272)
            Glaucoma precision 0.5868(0.5868)

2019-06-06 00:15:28,410:WARNING: Test: [8/9]
    Time 0.037 (0.133)
    Loss 1.4619 (7.6588)
    Accuracy Diabetes@ 0.973(0.9733)
        Diabetes F1 0.4824(0.4824)
            Diabetes recall 0.3628(0.3628)
            Diabetes precision 0.7193(0.7193)
    Accuracy Glaucoma@ 0.972(0.9721)
        Glaucoma F1 0.7974(0.7974)
            Glaucoma recall 0.7637(0.7637)
            Glaucoma precision 0.8341(0.8341)

2019-06-06 00:15:54,146:WARNING: Epoch: [1][65/66]
    Time 0.367 (0.368)
    Data 0.248 (0.249)
    Loss 2.1705 (6.1257)
    Accuracy Diabetes@ 0.978(0.9779)
        Diabetes F1 0.6557(0.6557)
            Diabetes recall 0.6043(0.6043)
            Diabetes precision 0.7165(0.7165)
    Accuracy Glaucoma@ 0.976(0.9764)
        Glaucoma F1 0.8517(0.8517)
            Glaucoma recall 0.9314(0.9314)
            Glaucoma precision 0.7846(0.7846)

2019-06-06 00:15:55,406:WARNING: Test: [8/9]
    Time 0.037 (0.137)
    Loss 0.7056 (6.1334)
    Accuracy Diabetes@ 0.967(0.9673)
        Diabetes F1 0.6224(0.6224)
            Diabetes recall 0.7876(0.7876)
            Diabetes precision 0.5145(0.5145)
    Accuracy Glaucoma@ 0.973(0.9733)
        Glaucoma F1 0.8204(0.8204)
            Glaucoma recall 0.8481(0.8481)
            Glaucoma precision 0.7945(0.7945)

2019-06-06 00:16:21,434:WARNING: Epoch: [2][65/66]
    Time 0.368 (0.372)
    Data 0.250 (0.251)
    Loss 7.3021 (4.6487)
    Accuracy Diabetes@ 0.980(0.9798)
        Diabetes F1 0.7051(0.7051)
            Diabetes recall 0.6913(0.6913)
            Diabetes precision 0.7195(0.7195)
    Accuracy Glaucoma@ 0.978(0.9783)
        Glaucoma F1 0.8626(0.8626)
            Glaucoma recall 0.9335(0.9335)
            Glaucoma precision 0.8018(0.8018)

2019-06-06 00:16:22,808:WARNING: Test: [8/9]
    Time 0.038 (0.148)
    Loss 1.6531 (9.3250)
    Accuracy Diabetes@ 0.955(0.9552)
        Diabetes F1 0.5277(0.5277)
            Diabetes recall 0.7168(0.7168)
            Diabetes precision 0.4175(0.4175)
    Accuracy Glaucoma@ 0.979(0.9794)
        Glaucoma F1 0.8687(0.8687)
            Glaucoma recall 0.9494(0.9494)
            Glaucoma precision 0.8007(0.8007)

2019-06-06 00:16:48,166:WARNING: Epoch: [3][65/66]
    Time 0.370 (0.370)
    Data 0.255 (0.250)
    Loss 8.5067 (3.9648)
    Accuracy Diabetes@ 0.983(0.9826)
        Diabetes F1 0.7356(0.7356)
            Diabetes recall 0.6957(0.6957)
            Diabetes precision 0.7805(0.7805)
    Accuracy Glaucoma@ 0.981(0.9811)
        Glaucoma F1 0.8780(0.8780)
            Glaucoma recall 0.9356(0.9356)
            Glaucoma precision 0.8272(0.8272)

2019-06-06 00:16:49,385:WARNING: Test: [8/9]
    Time 0.037 (0.132)
    Loss 0.9490 (3.5374)
    Accuracy Diabetes@ 0.984(0.9842)
        Diabetes F1 0.7841(0.7841)
            Diabetes recall 0.7876(0.7876)
            Diabetes precision 0.7807(0.7807)
    Accuracy Glaucoma@ 0.988(0.9879)
        Glaucoma F1 0.9197(0.9197)
            Glaucoma recall 0.9662(0.9662)
            Glaucoma precision 0.8774(0.8774)

2019-06-06 00:17:15,148:WARNING: Epoch: [4][65/66]
    Time 0.363 (0.368)
    Data 0.247 (0.249)
    Loss 6.6950 (3.4849)
    Accuracy Diabetes@ 0.984(0.9839)
        Diabetes F1 0.7591(0.7591)
            Diabetes recall 0.7261(0.7261)
            Diabetes precision 0.7952(0.7952)
    Accuracy Glaucoma@ 0.984(0.9842)
        Glaucoma F1 0.8974(0.8974)
            Glaucoma recall 0.9459(0.9459)
            Glaucoma precision 0.8537(0.8537)

2019-06-06 00:17:16,346:WARNING: Test: [8/9]
    Time 0.037 (0.130)
    Loss 2.1083 (5.5750)
    Accuracy Diabetes@ 0.965(0.9648)
        Diabetes F1 0.6667(0.6667)
            Diabetes recall 1.0000(1.0000)
            Diabetes precision 0.5000(0.5000)
    Accuracy Glaucoma@ 0.973(0.9733)
        Glaucoma F1 0.7815(0.7815)
            Glaucoma recall 0.6414(0.6414)
            Glaucoma precision 1.0000(1.0000)

2019-06-06 00:17:41,668:WARNING: Epoch: [5][65/66]
    Time 0.369 (0.369)
    Data 0.249 (0.250)
    Loss 1.6751 (3.4442)
    Accuracy Diabetes@ 0.984(0.9841)
        Diabetes F1 0.7586(0.7586)
            Diabetes recall 0.7174(0.7174)
            Diabetes precision 0.8049(0.8049)
    Accuracy Glaucoma@ 0.984(0.9844)
        Glaucoma F1 0.8979(0.8979)
            Glaucoma recall 0.9418(0.9418)
            Glaucoma precision 0.8580(0.8580)

2019-06-06 00:17:42,870:WARNING: Test: [8/9]
    Time 0.037 (0.131)
    Loss 1.9347 (6.9868)
    Accuracy Diabetes@ 0.966(0.9661)
        Diabetes F1 0.0684(0.0684)
            Diabetes recall 0.0354(0.0354)
            Diabetes precision 1.0000(1.0000)
    Accuracy Glaucoma@ 0.967(0.9673)
        Glaucoma F1 0.8187(0.8187)
            Glaucoma recall 1.0000(1.0000)
            Glaucoma precision 0.6930(0.6930)

2019-06-06 00:18:08,061:WARNING: Epoch: [6][65/66]
    Time 0.364 (0.368)
    Data 0.248 (0.250)
    Loss 4.5538 (3.5805)
    Accuracy Diabetes@ 0.983(0.9827)
        Diabetes F1 0.7385(0.7385)
            Diabetes recall 0.7000(0.7000)
            Diabetes precision 0.7816(0.7816)
    Accuracy Glaucoma@ 0.982(0.9820)
        Glaucoma F1 0.8816(0.8816)
            Glaucoma recall 0.9210(0.9210)
            Glaucoma precision 0.8454(0.8454)

2019-06-06 00:18:09,321:WARNING: Test: [8/9]
    Time 0.037 (0.136)
    Loss 0.4016 (5.9445)
    Accuracy Diabetes@ 0.981(0.9806)
        Diabetes F1 0.6559(0.6559)
            Diabetes recall 0.5398(0.5398)
            Diabetes precision 0.8356(0.8356)
    Accuracy Glaucoma@ 0.968(0.9685)
        Glaucoma F1 0.8175(0.8175)
            Glaucoma recall 0.9831(0.9831)
            Glaucoma precision 0.6997(0.6997)

2019-06-06 00:18:34,540:WARNING: Epoch: [7][65/66]
    Time 0.345 (0.369)
    Data 0.233 (0.250)
    Loss 4.2142 (3.1312)
    Accuracy Diabetes@ 0.985(0.9853)
        Diabetes F1 0.7790(0.7790)
            Diabetes recall 0.7435(0.7435)
            Diabetes precision 0.8182(0.8182)
    Accuracy Glaucoma@ 0.985(0.9845)
        Glaucoma F1 0.8982(0.8982)
            Glaucoma recall 0.9356(0.9356)
            Glaucoma precision 0.8637(0.8637)

2019-06-06 00:18:35,720:WARNING: Test: [8/9]
    Time 0.035 (0.128)
    Loss 1.5827 (11.7795)
    Accuracy Diabetes@ 0.928(0.9285)
        Diabetes F1 0.3979(0.3979)
            Diabetes recall 0.6814(0.6814)
            Diabetes precision 0.2810(0.2810)
    Accuracy Glaucoma@ 0.927(0.9273)
        Glaucoma F1 nan(nan)
            Glaucoma recall 0.0000(0.0000)
            Glaucoma precision 0.0000(0.0000)

2019-06-06 00:19:13,807:WARNING: Loading Model
2019-06-06 00:19:13,985:WARNING: Model Loaded
2019-06-06 00:19:15,493:WARNING: ResNet(
  (features): Sequential(
    (0): Conv2d(1, 64, kernel_size=(7, 7), stride=(2, 2), padding=(3, 3), bias=False)
    (1): BatchNorm2d(64, eps=1e-05, momentum=0.1, affine=True, track_running_stats=True)
    (2): ReLU(inplace)
    (3): MaxPool2d(kernel_size=3, stride=2, padding=1, dilation=1, ceil_mode=False)
    (4): IdentityBlock(
      (Convpass): Sequential(
        (0): Conv2d(64, 160, kernel_size=(5, 5), stride=(1, 1), padding=(2, 2))
        (1): BatchNorm2d(160, eps=1e-05, momentum=0.1, affine=True, track_running_stats=True)
        (2): ReLU(inplace)
        (3): Conv2d(160, 256, kernel_size=(5, 5), stride=(1, 1), padding=(2, 2))
        (4): BatchNorm2d(256, eps=1e-05, momentum=0.1, affine=True, track_running_stats=True)
        (5): ReLU(inplace)
        (6): Conv2d(256, 256, kernel_size=(5, 5), stride=(2, 2), padding=(2, 2))
      )
      (identityPass): Conv2d(64, 256, kernel_size=(5, 5), stride=(2, 2), padding=(2, 2))
    )
    (5): BatchNorm2d(256, eps=1e-05, momentum=0.1, affine=True, track_running_stats=True)
    (6): ReLU(inplace)
    (7): MaxPool2d(kernel_size=3, stride=2, padding=1, dilation=1, ceil_mode=False)
    (8): IdentityBlock(
      (Convpass): Sequential(
        (0): Conv2d(256, 384, kernel_size=(7, 7), stride=(1, 1), padding=(3, 3))
        (1): BatchNorm2d(384, eps=1e-05, momentum=0.1, affine=True, track_running_stats=True)
        (2): ReLU(inplace)
        (3): Conv2d(384, 512, kernel_size=(7, 7), stride=(1, 1), padding=(3, 3))
        (4): BatchNorm2d(512, eps=1e-05, momentum=0.1, affine=True, track_running_stats=True)
        (5): ReLU(inplace)
        (6): Conv2d(512, 512, kernel_size=(7, 7), stride=(3, 3), padding=(3, 3))
      )
      (identityPass): Conv2d(256, 512, kernel_size=(7, 7), stride=(3, 3), padding=(3, 3))
    )
    (9): BatchNorm2d(512, eps=1e-05, momentum=0.1, affine=True, track_running_stats=True)
    (10): ReLU(inplace)
    (11): MaxPool2d(kernel_size=3, stride=1, padding=0, dilation=1, ceil_mode=False)
    (12): Conv2d(512, 512, kernel_size=(3, 3), stride=(1, 1))
    (13): BatchNorm2d(512, eps=1e-05, momentum=0.1, affine=True, track_running_stats=True)
    (14): ReLU(inplace)
    (15): MaxPool2d(kernel_size=2, stride=2, padding=0, dilation=1, ceil_mode=False)
  )
  (classifier): Sequential(
    (0): Dropout(p=0.5)
    (1): Linear(in_features=512, out_features=256, bias=True)
    (2): BatchNorm1d(256, eps=1e-05, momentum=0.1, affine=True, track_running_stats=True)
    (3): ReLU(inplace)
    (4): Linear(in_features=256, out_features=2, bias=True)
  )
)
2019-06-06 00:19:19,162:WARNING: Test: [8/9]
    Time 0.625 (0.405)
    Loss 11.0339 (43.9904)
    Accuracy Diabetes@ 0.035(0.0352)
        Diabetes F1 0.0677(0.0677)
            Diabetes recall 1.0000(1.0000)
            Diabetes precision 0.0350(0.0350)
    Accuracy Glaucoma@ 0.927(0.9273)
        Glaucoma F1 nan(nan)
            Glaucoma recall 0.0000(0.0000)
            Glaucoma precision 0.0000(0.0000)

2019-06-06 00:19:48,062:WARNING: Epoch: [0][65/66]
    Time 0.385 (0.434)
    Data 0.259 (0.256)
    Loss 17.4131 (27.9152)
    Accuracy Diabetes@ 0.899(0.8988)
        Diabetes F1 0.3757(0.3757)
            Diabetes recall 0.8739(0.8739)
            Diabetes precision 0.2393(0.2393)
    Accuracy Glaucoma@ 0.942(0.9424)
        Glaucoma F1 0.7086(0.7086)
            Glaucoma recall 0.9605(0.9605)
            Glaucoma precision 0.5614(0.5614)

2019-06-06 00:19:49,343:WARNING: Test: [8/9]
    Time 0.037 (0.140)
    Loss 4.2705 (17.6891)
    Accuracy Diabetes@ 0.942(0.9418)
        Diabetes F1 0.5356(0.5356)
            Diabetes recall 0.9646(0.9646)
            Diabetes precision 0.3707(0.3707)
    Accuracy Glaucoma@ 0.960(0.9600)
        Glaucoma F1 0.6734(0.6734)
            Glaucoma recall 0.5612(0.5612)
            Glaucoma precision 0.8418(0.8418)

2019-06-06 00:20:16,809:WARNING: Epoch: [1][65/66]
    Time 0.393 (0.396)
    Data 0.268 (0.267)
    Loss 8.3418 (13.9471)
    Accuracy Diabetes@ 0.975(0.9748)
        Diabetes F1 0.6667(0.6667)
            Diabetes recall 0.7217(0.7217)
            Diabetes precision 0.6194(0.6194)
    Accuracy Glaucoma@ 0.976(0.9764)
        Glaucoma F1 0.8545(0.8545)
            Glaucoma recall 0.9522(0.9522)
            Glaucoma precision 0.7750(0.7750)

2019-06-06 00:20:18,115:WARNING: Test: [8/9]
    Time 0.037 (0.142)
    Loss 1.4494 (8.1183)
    Accuracy Diabetes@ 0.975(0.9745)
        Diabetes F1 0.6693(0.6693)
            Diabetes recall 0.7522(0.7522)
            Diabetes precision 0.6028(0.6028)
    Accuracy Glaucoma@ 0.976(0.9758)
        Glaucoma F1 0.8312(0.8312)
            Glaucoma recall 0.8312(0.8312)
            Glaucoma precision 0.8312(0.8312)

2019-06-06 00:20:45,228:WARNING: Epoch: [2][65/66]
    Time 0.384 (0.390)
    Data 0.259 (0.263)
    Loss 8.8551 (8.6881)
    Accuracy Diabetes@ 0.981(0.9812)
        Diabetes F1 0.7293(0.7293)
            Diabetes recall 0.7261(0.7261)
            Diabetes precision 0.7325(0.7325)
    Accuracy Glaucoma@ 0.981(0.9811)
        Glaucoma F1 0.8804(0.8804)
            Glaucoma recall 0.9563(0.9563)
            Glaucoma precision 0.8156(0.8156)

2019-06-06 00:20:46,495:WARNING: Test: [8/9]
    Time 0.037 (0.138)
    Loss 1.6575 (8.1018)
    Accuracy Diabetes@ 0.981(0.9806)
        Diabetes F1 0.7355(0.7355)
            Diabetes recall 0.7876(0.7876)
            Diabetes precision 0.6899(0.6899)
    Accuracy Glaucoma@ 0.983(0.9830)
        Glaucoma F1 0.8963(0.8963)
            Glaucoma recall 0.9662(0.9662)
            Glaucoma precision 0.8358(0.8358)

2019-06-06 00:21:13,455:WARNING: Epoch: [3][65/66]
    Time 0.385 (0.388)
    Data 0.259 (0.261)
    Loss 8.6244 (6.2197)
    Accuracy Diabetes@ 0.984(0.9842)
        Diabetes F1 0.7709(0.7709)
            Diabetes recall 0.7609(0.7609)
            Diabetes precision 0.7812(0.7812)
    Accuracy Glaucoma@ 0.983(0.9830)
        Glaucoma F1 0.8904(0.8904)
            Glaucoma recall 0.9459(0.9459)
            Glaucoma precision 0.8410(0.8410)

2019-06-06 00:21:14,719:WARNING: Test: [8/9]
    Time 0.037 (0.138)
    Loss 1.0460 (6.4344)
    Accuracy Diabetes@ 0.964(0.9636)
        Diabetes F1 0.6507(0.6507)
            Diabetes recall 0.9646(0.9646)
            Diabetes precision 0.4910(0.4910)
    Accuracy Glaucoma@ 0.977(0.9770)
        Glaucoma F1 0.8265(0.8265)
            Glaucoma recall 0.7637(0.7637)
            Glaucoma precision 0.9005(0.9005)

2019-06-06 00:21:41,378:WARNING: Epoch: [4][65/66]
    Time 0.385 (0.388)
    Data 0.259 (0.262)
    Loss 5.5442 (4.9109)
    Accuracy Diabetes@ 0.985(0.9855)
        Diabetes F1 0.7848(0.7848)
            Diabetes recall 0.7609(0.7609)
            Diabetes precision 0.8102(0.8102)
    Accuracy Glaucoma@ 0.987(0.9870)
        Glaucoma F1 0.9152(0.9152)
            Glaucoma recall 0.9647(0.9647)
            Glaucoma precision 0.8705(0.8705)

2019-06-06 00:21:42,670:WARNING: Test: [8/9]
    Time 0.037 (0.141)
    Loss 0.8722 (5.4800)
    Accuracy Diabetes@ 0.981(0.9806)
        Diabetes F1 0.6935(0.6935)
            Diabetes recall 0.6106(0.6106)
            Diabetes precision 0.8023(0.8023)
    Accuracy Glaucoma@ 0.982(0.9818)
        Glaucoma F1 0.8824(0.8824)
            Glaucoma recall 0.9494(0.9494)
            Glaucoma precision 0.8242(0.8242)

2019-06-06 00:22:09,150:WARNING: Epoch: [5][65/66]
    Time 0.384 (0.387)
    Data 0.259 (0.261)
    Loss 2.5128 (4.5272)
    Accuracy Diabetes@ 0.985(0.9848)
        Diabetes F1 0.7748(0.7748)
            Diabetes recall 0.7478(0.7478)
            Diabetes precision 0.8037(0.8037)
    Accuracy Glaucoma@ 0.984(0.9838)
        Glaucoma F1 0.8933(0.8933)
            Glaucoma recall 0.9314(0.9314)
            Glaucoma precision 0.8582(0.8582)

2019-06-06 00:22:10,316:WARNING: Test: [8/9]
    Time 0.035 (0.127)
    Loss 0.5193 (4.8679)
    Accuracy Diabetes@ 0.982(0.9818)
        Diabetes F1 0.7196(0.7196)
            Diabetes recall 0.6814(0.6814)
            Diabetes precision 0.7624(0.7624)
    Accuracy Glaucoma@ 0.981(0.9806)
        Glaucoma F1 0.8755(0.8755)
            Glaucoma recall 0.9494(0.9494)
            Glaucoma precision 0.8123(0.8123)

2019-06-06 00:22:34,216:WARNING: Epoch: [6][65/66]
    Time 0.343 (0.347)
    Data 0.233 (0.235)
    Loss 3.6262 (4.0675)
    Accuracy Diabetes@ 0.985(0.9847)
        Diabetes F1 0.7761(0.7761)
            Diabetes recall 0.7609(0.7609)
            Diabetes precision 0.7919(0.7919)
    Accuracy Glaucoma@ 0.984(0.9844)
        Glaucoma F1 0.8987(0.8987)
            Glaucoma recall 0.9501(0.9501)
            Glaucoma precision 0.8526(0.8526)

2019-06-06 00:22:35,363:WARNING: Test: [8/9]
    Time 0.035 (0.125)
    Loss 0.3596 (3.6877)
    Accuracy Diabetes@ 0.988(0.9879)
        Diabetes F1 0.8095(0.8095)
            Diabetes recall 0.7522(0.7522)
            Diabetes precision 0.8763(0.8763)
    Accuracy Glaucoma@ 0.988(0.9879)
        Glaucoma F1 0.9184(0.9184)
            Glaucoma recall 0.9494(0.9494)
            Glaucoma precision 0.8893(0.8893)

2019-06-06 00:23:00,838:WARNING: Epoch: [7][65/66]
    Time 0.380 (0.363)
    Data 0.259 (0.246)
    Loss 3.6833 (3.2625)
    Accuracy Diabetes@ 0.988(0.9883)
        Diabetes F1 0.8270(0.8270)
            Diabetes recall 0.8000(0.8000)
            Diabetes precision 0.8558(0.8558)
    Accuracy Glaucoma@ 0.988(0.9879)
        Glaucoma F1 0.9198(0.9198)
            Glaucoma recall 0.9543(0.9543)
            Glaucoma precision 0.8878(0.8878)

2019-06-06 00:23:02,109:WARNING: Test: [8/9]
    Time 0.038 (0.138)
    Loss 2.6062 (15.9551)
    Accuracy Diabetes@ 0.925(0.9248)
        Diabetes F1 0.4798(0.4798)
            Diabetes recall 1.0000(1.0000)
            Diabetes precision 0.3156(0.3156)
    Accuracy Glaucoma@ 0.931(0.9309)
        Glaucoma F1 0.0964(0.0964)
            Glaucoma recall 0.0506(0.0506)
            Glaucoma precision 1.0000(1.0000)

2019-06-06 00:23:27,449:WARNING: Epoch: [8][65/66]
    Time 0.359 (0.368)
    Data 0.245 (0.249)
    Loss 2.6453 (2.9489)
    Accuracy Diabetes@ 0.990(0.9895)
        Diabetes F1 0.8522(0.8522)
            Diabetes recall 0.8652(0.8652)
            Diabetes precision 0.8397(0.8397)
    Accuracy Glaucoma@ 0.988(0.9882)
        Glaucoma F1 0.9204(0.9204)
            Glaucoma recall 0.9376(0.9376)
            Glaucoma precision 0.9038(0.9038)

2019-06-06 00:23:28,639:WARNING: Test: [8/9]
    Time 0.037 (0.129)
    Loss 0.2616 (2.6681)
    Accuracy Diabetes@ 0.987(0.9867)
        Diabetes F1 0.8151(0.8151)
            Diabetes recall 0.8584(0.8584)
            Diabetes precision 0.7760(0.7760)
    Accuracy Glaucoma@ 0.990(0.9903)
        Glaucoma F1 0.9325(0.9325)
            Glaucoma recall 0.9325(0.9325)
            Glaucoma precision 0.9325(0.9325)

2019-06-06 00:23:54,284:WARNING: Epoch: [9][65/66]
    Time 0.373 (0.368)
    Data 0.253 (0.250)
    Loss 3.8392 (2.7434)
    Accuracy Diabetes@ 0.989(0.9892)
        Diabetes F1 0.8446(0.8446)
            Diabetes recall 0.8391(0.8391)
            Diabetes precision 0.8502(0.8502)
    Accuracy Glaucoma@ 0.988(0.9885)
        Glaucoma F1 0.9232(0.9232)
            Glaucoma recall 0.9501(0.9501)
            Glaucoma precision 0.8978(0.8978)

2019-06-06 00:23:55,547:WARNING: Test: [8/9]
    Time 0.038 (0.137)
    Loss 0.3617 (2.8993)
    Accuracy Diabetes@ 0.988(0.9879)
        Diabetes F1 0.7938(0.7938)
            Diabetes recall 0.6814(0.6814)
            Diabetes precision 0.9506(0.9506)
    Accuracy Glaucoma@ 0.985(0.9855)
        Glaucoma F1 0.9080(0.9080)
            Glaucoma recall 1.0000(1.0000)
            Glaucoma precision 0.8316(0.8316)

2019-06-06 00:24:20,257:WARNING: Epoch: [10][65/66]
    Time 0.352 (0.361)
    Data 0.234 (0.244)
    Loss 3.4698 (2.7655)
    Accuracy Diabetes@ 0.989(0.9891)
        Diabetes F1 0.8393(0.8393)
            Diabetes recall 0.8174(0.8174)
            Diabetes precision 0.8624(0.8624)
    Accuracy Glaucoma@ 0.988(0.9879)
        Glaucoma F1 0.9194(0.9194)
            Glaucoma recall 0.9480(0.9480)
            Glaucoma precision 0.8924(0.8924)

2019-06-06 00:24:21,425:WARNING: Test: [8/9]
    Time 0.035 (0.127)
    Loss 0.8338 (5.4870)
    Accuracy Diabetes@ 0.966(0.9661)
        Diabetes F1 0.6340(0.6340)
            Diabetes recall 0.8584(0.8584)
            Diabetes precision 0.5026(0.5026)
    Accuracy Glaucoma@ 0.973(0.9733)
        Glaucoma F1 0.7991(0.7991)
            Glaucoma recall 0.7131(0.7131)
            Glaucoma precision 0.9086(0.9086)

2019-06-06 00:24:46,540:WARNING: Epoch: [11][65/66]
    Time 0.383 (0.366)
    Data 0.260 (0.247)
    Loss 0.5041 (2.2502)
    Accuracy Diabetes@ 0.990(0.9902)
        Diabetes F1 0.8571(0.8571)
            Diabetes recall 0.8478(0.8478)
            Diabetes precision 0.8667(0.8667)
    Accuracy Glaucoma@ 0.991(0.9908)
        Glaucoma F1 0.9378(0.9378)
            Glaucoma recall 0.9563(0.9563)
            Glaucoma precision 0.9200(0.9200)

2019-06-06 00:24:47,747:WARNING: Test: [8/9]
    Time 0.037 (0.131)
    Loss 0.0972 (2.9463)
    Accuracy Diabetes@ 0.987(0.9867)
        Diabetes F1 0.8151(0.8151)
            Diabetes recall 0.8584(0.8584)
            Diabetes precision 0.7760(0.7760)
    Accuracy Glaucoma@ 0.989(0.9891)
        Glaucoma F1 0.9247(0.9247)
            Glaucoma recall 0.9325(0.9325)
            Glaucoma precision 0.9170(0.9170)

2019-06-06 00:25:12,899:WARNING: Epoch: [12][65/66]
    Time 0.365 (0.367)
    Data 0.248 (0.248)
    Loss 0.7370 (2.0586)
    Accuracy Diabetes@ 0.992(0.9924)
        Diabetes F1 0.8894(0.8894)
            Diabetes recall 0.8739(0.8739)
            Diabetes precision 0.9054(0.9054)
    Accuracy Glaucoma@ 0.992(0.9917)
        Glaucoma F1 0.9439(0.9439)
            Glaucoma recall 0.9626(0.9626)
            Glaucoma precision 0.9260(0.9260)

2019-06-06 00:25:14,142:WARNING: Test: [8/9]
    Time 0.041 (0.135)
    Loss 0.3264 (5.1948)
    Accuracy Diabetes@ 0.972(0.9721)
        Diabetes F1 0.7032(0.7032)
            Diabetes recall 0.9646(0.9646)
            Diabetes precision 0.5533(0.5533)
    Accuracy Glaucoma@ 0.982(0.9818)
        Glaucoma F1 0.8605(0.8605)
            Glaucoma recall 0.7806(0.7806)
            Glaucoma precision 0.9585(0.9585)

2019-06-06 00:25:38,913:WARNING: Epoch: [13][65/66]
    Time 0.344 (0.360)
    Data 0.234 (0.245)
    Loss 1.1055 (2.4079)
    Accuracy Diabetes@ 0.990(0.9902)
        Diabetes F1 0.8584(0.8584)
            Diabetes recall 0.8565(0.8565)
            Diabetes precision 0.8603(0.8603)
    Accuracy Glaucoma@ 0.990(0.9902)
        Glaucoma F1 0.9336(0.9336)
            Glaucoma recall 0.9501(0.9501)
            Glaucoma precision 0.9177(0.9177)

2019-06-06 00:25:40,158:WARNING: Test: [8/9]
    Time 0.035 (0.136)
    Loss 0.1606 (1.7746)
    Accuracy Diabetes@ 0.995(0.9952)
        Diabetes F1 0.9266(0.9266)
            Diabetes recall 0.8938(0.8938)
            Diabetes precision 0.9619(0.9619)
    Accuracy Glaucoma@ 0.995(0.9952)
        Glaucoma F1 0.9668(0.9668)
            Glaucoma recall 0.9831(0.9831)
            Glaucoma precision 0.9510(0.9510)

2019-06-06 00:26:04,621:WARNING: Epoch: [14][65/66]
    Time 0.343 (0.351)
    Data 0.234 (0.238)
    Loss 2.0181 (2.1683)
    Accuracy Diabetes@ 0.990(0.9898)
        Diabetes F1 0.8553(0.8553)
            Diabetes recall 0.8609(0.8609)
            Diabetes precision 0.8498(0.8498)
    Accuracy Glaucoma@ 0.990(0.9902)
        Glaucoma F1 0.9332(0.9332)
            Glaucoma recall 0.9439(0.9439)
            Glaucoma precision 0.9228(0.9228)

2019-06-06 00:26:05,778:WARNING: Test: [8/9]
    Time 0.035 (0.126)
    Loss 0.1957 (3.1516)
    Accuracy Diabetes@ 0.982(0.9818)
        Diabetes F1 0.7842(0.7842)
            Diabetes recall 0.9646(0.9646)
            Diabetes precision 0.6606(0.6606)
    Accuracy Glaucoma@ 0.989(0.9891)
        Glaucoma F1 0.9193(0.9193)
            Glaucoma recall 0.8650(0.8650)
            Glaucoma precision 0.9809(0.9809)

2019-06-06 00:26:30,074:WARNING: Epoch: [15][65/66]
    Time 0.344 (0.353)
    Data 0.234 (0.239)
    Loss 2.6371 (2.1022)
    Accuracy Diabetes@ 0.992(0.9920)
        Diabetes F1 0.8860(0.8860)
            Diabetes recall 0.8957(0.8957)
            Diabetes precision 0.8766(0.8766)
    Accuracy Glaucoma@ 0.990(0.9897)
        Glaucoma F1 0.9295(0.9295)
            Glaucoma recall 0.9314(0.9314)
            Glaucoma precision 0.9275(0.9275)

2019-06-06 00:26:31,251:WARNING: Test: [8/9]
    Time 0.035 (0.128)
    Loss 1.5359 (2.7425)
    Accuracy Diabetes@ 0.982(0.9818)
        Diabetes F1 0.7574(0.7574)
            Diabetes recall 0.7876(0.7876)
            Diabetes precision 0.7295(0.7295)
    Accuracy Glaucoma@ 0.985(0.9855)
        Glaucoma F1 0.9041(0.9041)
            Glaucoma recall 0.8945(0.8945)
            Glaucoma precision 0.9138(0.9138)

2019-06-06 00:26:55,283:WARNING: Epoch: [16][65/66]
    Time 0.343 (0.350)
    Data 0.234 (0.237)
    Loss 1.2345 (2.0812)
    Accuracy Diabetes@ 0.992(0.9918)
        Diabetes F1 0.8805(0.8805)
            Diabetes recall 0.8652(0.8652)
            Diabetes precision 0.8964(0.8964)
    Accuracy Glaucoma@ 0.992(0.9921)
        Glaucoma F1 0.9466(0.9466)
            Glaucoma recall 0.9584(0.9584)
            Glaucoma precision 0.9351(0.9351)

2019-06-06 00:26:56,471:WARNING: Test: [8/9]
    Time 0.035 (0.129)
    Loss 0.0901 (1.8352)
    Accuracy Diabetes@ 0.990(0.9903)
        Diabetes F1 0.8632(0.8632)
            Diabetes recall 0.8938(0.8938)
            Diabetes precision 0.8347(0.8347)
    Accuracy Glaucoma@ 0.992(0.9915)
        Glaucoma F1 0.9404(0.9404)
            Glaucoma recall 0.9325(0.9325)
            Glaucoma precision 0.9485(0.9485)

2019-06-06 00:27:21,088:WARNING: Epoch: [17][65/66]
    Time 0.343 (0.360)
    Data 0.234 (0.244)
    Loss 1.9132 (1.7722)
    Accuracy Diabetes@ 0.992(0.9920)
        Diabetes F1 0.8830(0.8830)
            Diabetes recall 0.8696(0.8696)
            Diabetes precision 0.8969(0.8969)
    Accuracy Glaucoma@ 0.992(0.9915)
        Glaucoma F1 0.9427(0.9427)
            Glaucoma recall 0.9584(0.9584)
            Glaucoma precision 0.9276(0.9276)

2019-06-06 00:27:22,249:WARNING: Test: [8/9]
    Time 0.035 (0.126)
    Loss 0.0616 (2.1741)
    Accuracy Diabetes@ 0.990(0.9903)
        Diabetes F1 0.8720(0.8720)
            Diabetes recall 0.9646(0.9646)
            Diabetes precision 0.7956(0.7956)
    Accuracy Glaucoma@ 0.990(0.9903)
        Glaucoma F1 0.9301(0.9301)
            Glaucoma recall 0.8987(0.8987)
            Glaucoma precision 0.9638(0.9638)

2019-06-06 00:27:46,563:WARNING: Epoch: [18][65/66]
    Time 0.344 (0.355)
    Data 0.235 (0.241)
    Loss 1.5019 (1.6530)
    Accuracy Diabetes@ 0.993(0.9932)
        Diabetes F1 0.9020(0.9020)
            Diabetes recall 0.9000(0.9000)
            Diabetes precision 0.9039(0.9039)
    Accuracy Glaucoma@ 0.993(0.9926)
        Glaucoma F1 0.9502(0.9502)
            Glaucoma recall 0.9709(0.9709)
            Glaucoma precision 0.9303(0.9303)

2019-06-06 00:27:47,728:WARNING: Test: [8/9]
    Time 0.035 (0.127)
    Loss 0.2039 (3.8877)
    Accuracy Diabetes@ 0.984(0.9842)
        Diabetes F1 0.8015(0.8015)
            Diabetes recall 0.9292(0.9292)
            Diabetes precision 0.7047(0.7047)
    Accuracy Glaucoma@ 0.985(0.9855)
        Glaucoma F1 0.8933(0.8933)
            Glaucoma recall 0.8481(0.8481)
            Glaucoma precision 0.9437(0.9437)

2019-06-06 00:28:11,509:WARNING: Epoch: [19][65/66]
    Time 0.346 (0.347)
    Data 0.234 (0.234)
    Loss 1.3514 (1.7074)
    Accuracy Diabetes@ 0.992(0.9924)
        Diabetes F1 0.8932(0.8932)
            Diabetes recall 0.9087(0.9087)
            Diabetes precision 0.8782(0.8782)
    Accuracy Glaucoma@ 0.992(0.9924)
        Glaucoma F1 0.9478(0.9478)
            Glaucoma recall 0.9439(0.9439)
            Glaucoma precision 0.9518(0.9518)

2019-06-06 00:28:12,668:WARNING: Test: [8/9]
    Time 0.035 (0.126)
    Loss 0.8321 (6.4852)
    Accuracy Diabetes@ 0.961(0.9612)
        Diabetes F1 0.6439(0.6439)
            Diabetes recall 1.0000(1.0000)
            Diabetes precision 0.4748(0.4748)
    Accuracy Glaucoma@ 0.967(0.9673)
        Glaucoma F1 0.7049(0.7049)
            Glaucoma recall 0.5443(0.5443)
            Glaucoma precision 1.0000(1.0000)

2019-06-06 00:28:36,347:WARNING: Epoch: [20][65/66]
    Time 0.345 (0.346)
    Data 0.234 (0.233)
    Loss 0.3597 (1.5167)
    Accuracy Diabetes@ 0.993(0.9933)
        Diabetes F1 0.9035(0.9035)
            Diabetes recall 0.8957(0.8957)
            Diabetes precision 0.9115(0.9115)
    Accuracy Glaucoma@ 0.993(0.9932)
        Glaucoma F1 0.9534(0.9534)
            Glaucoma recall 0.9563(0.9563)
            Glaucoma precision 0.9504(0.9504)

2019-06-06 00:28:37,517:WARNING: Test: [8/9]
    Time 0.035 (0.127)
    Loss 1.1258 (1.5912)
    Accuracy Diabetes@ 0.992(0.9915)
        Diabetes F1 0.8889(0.8889)
            Diabetes recall 0.8850(0.8850)
            Diabetes precision 0.8929(0.8929)
    Accuracy Glaucoma@ 0.990(0.9903)
        Glaucoma F1 0.9395(0.9395)
            Glaucoma recall 0.9494(0.9494)
            Glaucoma precision 0.9298(0.9298)

2019-06-06 00:29:01,760:WARNING: Epoch: [21][65/66]
    Time 0.344 (0.353)
    Data 0.233 (0.239)
    Loss 4.9383 (1.4594)
    Accuracy Diabetes@ 0.993(0.9933)
        Diabetes F1 0.9056(0.9056)
            Diabetes recall 0.9174(0.9174)
            Diabetes precision 0.8941(0.8941)
    Accuracy Glaucoma@ 0.993(0.9927)
        Glaucoma F1 0.9501(0.9501)
            Glaucoma recall 0.9501(0.9501)
            Glaucoma precision 0.9501(0.9501)

2019-06-06 00:29:02,932:WARNING: Test: [8/9]
    Time 0.035 (0.126)
    Loss 1.9261 (3.9591)
    Accuracy Diabetes@ 0.979(0.9794)
        Diabetes F1 0.5963(0.5963)
            Diabetes recall 0.4248(0.4248)
            Diabetes precision 1.0000(1.0000)
    Accuracy Glaucoma@ 0.978(0.9782)
        Glaucoma F1 0.8729(0.8729)
            Glaucoma recall 1.0000(1.0000)
            Glaucoma precision 0.7745(0.7745)

2019-06-06 00:29:26,902:WARNING: Epoch: [22][65/66]
    Time 0.343 (0.348)
    Data 0.234 (0.236)
    Loss 2.3147 (1.5575)
    Accuracy Diabetes@ 0.994(0.9936)
        Diabetes F1 0.9091(0.9091)
            Diabetes recall 0.9130(0.9130)
            Diabetes precision 0.9052(0.9052)
    Accuracy Glaucoma@ 0.993(0.9926)
        Glaucoma F1 0.9492(0.9492)
            Glaucoma recall 0.9522(0.9522)
            Glaucoma precision 0.9463(0.9463)

2019-06-06 00:29:28,074:WARNING: Test: [8/9]
    Time 0.035 (0.127)
    Loss 0.0451 (3.6603)
    Accuracy Diabetes@ 0.982(0.9818)
        Diabetes F1 0.7842(0.7842)
            Diabetes recall 0.9646(0.9646)
            Diabetes precision 0.6606(0.6606)
    Accuracy Glaucoma@ 0.984(0.9842)
        Glaucoma F1 0.8791(0.8791)
            Glaucoma recall 0.7975(0.7975)
            Glaucoma precision 0.9793(0.9793)

2019-06-06 00:29:51,906:WARNING: Epoch: [23][65/66]
    Time 0.343 (0.348)
    Data 0.234 (0.235)
    Loss 0.3644 (1.3653)
    Accuracy Diabetes@ 0.994(0.9941)
        Diabetes F1 0.9135(0.9135)
            Diabetes recall 0.8957(0.8957)
            Diabetes precision 0.9321(0.9321)
    Accuracy Glaucoma@ 0.994(0.9942)
        Glaucoma F1 0.9609(0.9609)
            Glaucoma recall 0.9709(0.9709)
            Glaucoma precision 0.9511(0.9511)

2019-06-06 00:29:53,063:WARNING: Test: [8/9]
    Time 0.035 (0.126)
    Loss 0.0339 (1.5592)
    Accuracy Diabetes@ 0.995(0.9952)
        Diabetes F1 0.9316(0.9316)
            Diabetes recall 0.9646(0.9646)
            Diabetes precision 0.9008(0.9008)
    Accuracy Glaucoma@ 0.992(0.9915)
        Glaucoma F1 0.9414(0.9414)
            Glaucoma recall 0.9494(0.9494)
            Glaucoma precision 0.9336(0.9336)

2019-06-06 00:30:16,793:WARNING: Epoch: [24][65/66]
    Time 0.344 (0.347)
    Data 0.233 (0.234)
    Loss 1.0106 (1.1884)
    Accuracy Diabetes@ 0.995(0.9952)
        Diabetes F1 0.9307(0.9307)
            Diabetes recall 0.9348(0.9348)
            Diabetes precision 0.9267(0.9267)
    Accuracy Glaucoma@ 0.994(0.9939)
        Glaucoma F1 0.9588(0.9588)
            Glaucoma recall 0.9688(0.9688)
            Glaucoma precision 0.9491(0.9491)

2019-06-06 00:30:17,966:WARNING: Test: [8/9]
    Time 0.035 (0.128)
    Loss 0.0264 (2.7833)
    Accuracy Diabetes@ 0.987(0.9867)
        Diabetes F1 0.8087(0.8087)
            Diabetes recall 0.8230(0.8230)
            Diabetes precision 0.7949(0.7949)
    Accuracy Glaucoma@ 0.988(0.9879)
        Glaucoma F1 0.9156(0.9156)
            Glaucoma recall 0.9156(0.9156)
            Glaucoma precision 0.9156(0.9156)

2019-06-06 00:30:41,779:WARNING: Epoch: [25][65/66]
    Time 0.345 (0.348)
    Data 0.234 (0.236)
    Loss 1.6080 (1.2577)
    Accuracy Diabetes@ 0.995(0.9948)
        Diabetes F1 0.9270(0.9270)
            Diabetes recall 0.9391(0.9391)
            Diabetes precision 0.9153(0.9153)
    Accuracy Glaucoma@ 0.995(0.9947)
        Glaucoma F1 0.9637(0.9637)
            Glaucoma recall 0.9647(0.9647)
            Glaucoma precision 0.9627(0.9627)

2019-06-06 00:30:42,965:WARNING: Test: [8/9]
    Time 0.035 (0.129)
    Loss 0.0669 (5.6281)
    Accuracy Diabetes@ 0.973(0.9733)
        Diabetes F1 0.7197(0.7197)
            Diabetes recall 1.0000(1.0000)
            Diabetes precision 0.5622(0.5622)
    Accuracy Glaucoma@ 0.973(0.9733)
        Glaucoma F1 0.7766(0.7766)
            Glaucoma recall 0.6456(0.6456)
            Glaucoma precision 0.9745(0.9745)

2019-06-06 00:31:06,766:WARNING: Epoch: [26][65/66]
    Time 0.345 (0.348)
    Data 0.234 (0.236)
    Loss 1.5018 (1.6358)
    Accuracy Diabetes@ 0.993(0.9930)
        Diabetes F1 0.9000(0.9000)
            Diabetes recall 0.9000(0.9000)
            Diabetes precision 0.9000(0.9000)
    Accuracy Glaucoma@ 0.991(0.9912)
        Glaucoma F1 0.9397(0.9397)
            Glaucoma recall 0.9397(0.9397)
            Glaucoma precision 0.9397(0.9397)

2019-06-06 00:31:07,932:WARNING: Test: [8/9]
    Time 0.035 (0.127)
    Loss 0.0217 (1.0420)
    Accuracy Diabetes@ 0.996(0.9964)
        Diabetes F1 0.9478(0.9478)
            Diabetes recall 0.9646(0.9646)
            Diabetes precision 0.9316(0.9316)
    Accuracy Glaucoma@ 0.995(0.9952)
        Glaucoma F1 0.9662(0.9662)
            Glaucoma recall 0.9662(0.9662)
            Glaucoma precision 0.9662(0.9662)

2019-06-06 00:31:32,202:WARNING: Epoch: [27][65/66]
    Time 0.344 (0.348)
    Data 0.235 (0.236)
    Loss 1.1152 (1.0523)
    Accuracy Diabetes@ 0.996(0.9958)
        Diabetes F1 0.9402(0.9402)
            Diabetes recall 0.9565(0.9565)
            Diabetes precision 0.9244(0.9244)
    Accuracy Glaucoma@ 0.995(0.9948)
        Glaucoma F1 0.9647(0.9647)
            Glaucoma recall 0.9647(0.9647)
            Glaucoma precision 0.9647(0.9647)

2019-06-06 00:31:33,350:WARNING: Test: [8/9]
    Time 0.035 (0.125)
    Loss 0.0111 (1.6658)
    Accuracy Diabetes@ 0.993(0.9927)
        Diabetes F1 0.9040(0.9040)
            Diabetes recall 1.0000(1.0000)
            Diabetes precision 0.8248(0.8248)
    Accuracy Glaucoma@ 0.994(0.9939)
        Glaucoma F1 0.9559(0.9559)
            Glaucoma recall 0.9156(0.9156)
            Glaucoma precision 1.0000(1.0000)

2019-06-06 00:31:57,170:WARNING: Epoch: [28][65/66]
    Time 0.344 (0.348)
    Data 0.234 (0.234)
    Loss 0.1130 (1.3951)
    Accuracy Diabetes@ 0.993(0.9933)
        Diabetes F1 0.9056(0.9056)
            Diabetes recall 0.9174(0.9174)
            Diabetes precision 0.8941(0.8941)
    Accuracy Glaucoma@ 0.993(0.9935)
        Glaucoma F1 0.9554(0.9554)
            Glaucoma recall 0.9584(0.9584)
            Glaucoma precision 0.9525(0.9525)

2019-06-06 00:31:58,390:WARNING: Test: [8/9]
    Time 0.035 (0.130)
    Loss 2.1302 (9.4697)
    Accuracy Diabetes@ 0.949(0.9491)
        Diabetes F1 0.5780(0.5780)
            Diabetes recall 1.0000(1.0000)
            Diabetes precision 0.4065(0.4065)
    Accuracy Glaucoma@ 0.953(0.9527)
        Glaucoma F1 0.5234(0.5234)
            Glaucoma recall 0.3544(0.3544)
            Glaucoma precision 1.0000(1.0000)

2019-06-06 00:32:22,129:WARNING: Epoch: [29][65/66]
    Time 0.345 (0.347)
    Data 0.233 (0.234)
    Loss 0.1244 (1.2491)
    Accuracy Diabetes@ 0.995(0.9955)
        Diabetes F1 0.9356(0.9356)
            Diabetes recall 0.9478(0.9478)
            Diabetes precision 0.9237(0.9237)
    Accuracy Glaucoma@ 0.994(0.9941)
        Glaucoma F1 0.9592(0.9592)
            Glaucoma recall 0.9543(0.9543)
            Glaucoma precision 0.9643(0.9643)

2019-06-06 00:32:23,316:WARNING: Test: [8/9]
    Time 0.035 (0.128)
    Loss 0.6366 (3.0083)
    Accuracy Diabetes@ 0.988(0.9879)
        Diabetes F1 0.8095(0.8095)
            Diabetes recall 0.7522(0.7522)
            Diabetes precision 0.8763(0.8763)
    Accuracy Glaucoma@ 0.988(0.9879)
        Glaucoma F1 0.9184(0.9184)
            Glaucoma recall 0.9494(0.9494)
            Glaucoma precision 0.8893(0.8893)

2019-06-06 00:32:47,213:WARNING: Epoch: [30][65/66]
    Time 0.344 (0.349)
    Data 0.234 (0.236)
    Loss 1.5546 (1.2072)
    Accuracy Diabetes@ 0.994(0.9942)
        Diabetes F1 0.9188(0.9188)
            Diabetes recall 0.9348(0.9348)
            Diabetes precision 0.9034(0.9034)
    Accuracy Glaucoma@ 0.994(0.9939)
        Glaucoma F1 0.9585(0.9585)
            Glaucoma recall 0.9605(0.9605)
            Glaucoma precision 0.9565(0.9565)

2019-06-06 00:32:48,364:WARNING: Test: [8/9]
    Time 0.035 (0.125)
    Loss 0.0305 (2.2163)
    Accuracy Diabetes@ 0.989(0.9891)
        Diabetes F1 0.8252(0.8252)
            Diabetes recall 0.7522(0.7522)
            Diabetes precision 0.9140(0.9140)
    Accuracy Glaucoma@ 0.988(0.9879)
        Glaucoma F1 0.9197(0.9197)
            Glaucoma recall 0.9662(0.9662)
            Glaucoma precision 0.8774(0.8774)

2019-06-06 00:33:12,154:WARNING: Epoch: [31][65/66]
    Time 0.346 (0.347)
    Data 0.234 (0.235)
    Loss 0.9591 (1.3493)
    Accuracy Diabetes@ 0.995(0.9945)
        Diabetes F1 0.9221(0.9221)
            Diabetes recall 0.9261(0.9261)
            Diabetes precision 0.9181(0.9181)
    Accuracy Glaucoma@ 0.993(0.9933)
        Glaucoma F1 0.9542(0.9542)
            Glaucoma recall 0.9522(0.9522)
            Glaucoma precision 0.9562(0.9562)

2019-06-06 00:33:13,323:WARNING: Test: [8/9]
    Time 0.035 (0.126)
    Loss 0.0295 (2.3431)
    Accuracy Diabetes@ 0.993(0.9927)
        Diabetes F1 0.8857(0.8857)
            Diabetes recall 0.8230(0.8230)
            Diabetes precision 0.9588(0.9588)
    Accuracy Glaucoma@ 0.989(0.9891)
        Glaucoma F1 0.9271(0.9271)
            Glaucoma recall 0.9662(0.9662)
            Glaucoma precision 0.8911(0.8911)

2019-06-06 00:33:37,072:WARNING: Epoch: [32][65/66]
    Time 0.343 (0.346)
    Data 0.233 (0.234)
    Loss 3.6291 (1.0979)
    Accuracy Diabetes@ 0.995(0.9952)
        Diabetes F1 0.9319(0.9319)
            Diabetes recall 0.9522(0.9522)
            Diabetes precision 0.9125(0.9125)
    Accuracy Glaucoma@ 0.995(0.9947)
        Glaucoma F1 0.9634(0.9634)
            Glaucoma recall 0.9584(0.9584)
            Glaucoma precision 0.9685(0.9685)

2019-06-06 00:33:38,212:WARNING: Test: [8/9]
    Time 0.035 (0.124)
    Loss 0.0095 (2.2142)
    Accuracy Diabetes@ 0.988(0.9879)
        Diabetes F1 0.8020(0.8020)
            Diabetes recall 0.7168(0.7168)
            Diabetes precision 0.9101(0.9101)
    Accuracy Glaucoma@ 0.989(0.9891)
        Glaucoma F1 0.9271(0.9271)
            Glaucoma recall 0.9662(0.9662)
            Glaucoma precision 0.8911(0.8911)

2019-06-06 00:34:01,932:WARNING: Epoch: [33][65/66]
    Time 0.347 (0.346)
    Data 0.234 (0.234)
    Loss 3.3913 (1.0271)
    Accuracy Diabetes@ 0.996(0.9958)
        Diabetes F1 0.9391(0.9391)
            Diabetes recall 0.9391(0.9391)
            Diabetes precision 0.9391(0.9391)
    Accuracy Glaucoma@ 0.995(0.9945)
        Glaucoma F1 0.9627(0.9627)
            Glaucoma recall 0.9667(0.9667)
            Glaucoma precision 0.9588(0.9588)

2019-06-06 00:34:03,110:WARNING: Test: [8/9]
    Time 0.035 (0.128)
    Loss 0.0104 (1.4553)
    Accuracy Diabetes@ 0.994(0.9939)
        Diabetes F1 0.9160(0.9160)
            Diabetes recall 0.9646(0.9646)
            Diabetes precision 0.8720(0.8720)
    Accuracy Glaucoma@ 0.995(0.9952)
        Glaucoma F1 0.9657(0.9657)
            Glaucoma recall 0.9494(0.9494)
            Glaucoma precision 0.9825(0.9825)

2019-06-06 00:34:27,430:WARNING: Epoch: [34][65/66]
    Time 0.359 (0.355)
    Data 0.243 (0.241)
    Loss 3.8502 (0.9921)
    Accuracy Diabetes@ 0.996(0.9959)
        Diabetes F1 0.9422(0.9422)
            Diabetes recall 0.9565(0.9565)
            Diabetes precision 0.9283(0.9283)
    Accuracy Glaucoma@ 0.995(0.9952)
        Glaucoma F1 0.9667(0.9667)
            Glaucoma recall 0.9647(0.9647)
            Glaucoma precision 0.9687(0.9687)

2019-06-06 00:34:28,611:WARNING: Test: [8/9]
    Time 0.035 (0.128)
    Loss 0.0229 (1.7526)
    Accuracy Diabetes@ 0.994(0.9939)
        Diabetes F1 0.9099(0.9099)
            Diabetes recall 0.8938(0.8938)
            Diabetes precision 0.9266(0.9266)
    Accuracy Glaucoma@ 0.992(0.9915)
        Glaucoma F1 0.9414(0.9414)
            Glaucoma recall 0.9494(0.9494)
            Glaucoma precision 0.9336(0.9336)

2019-06-06 00:34:52,808:WARNING: Epoch: [35][65/66]
    Time 0.359 (0.353)
    Data 0.244 (0.239)
    Loss 0.0531 (1.1075)
    Accuracy Diabetes@ 0.995(0.9950)
        Diabetes F1 0.9284(0.9284)
            Diabetes recall 0.9304(0.9304)
            Diabetes precision 0.9264(0.9264)
    Accuracy Glaucoma@ 0.995(0.9948)
        Glaucoma F1 0.9646(0.9646)
            Glaucoma recall 0.9626(0.9626)
            Glaucoma precision 0.9666(0.9666)

2019-06-06 00:34:53,984:WARNING: Test: [8/9]
    Time 0.035 (0.128)
    Loss 0.0136 (2.1620)
    Accuracy Diabetes@ 0.988(0.9879)
        Diabetes F1 0.8095(0.8095)
            Diabetes recall 0.7522(0.7522)
            Diabetes precision 0.8763(0.8763)
    Accuracy Glaucoma@ 0.988(0.9879)
        Glaucoma F1 0.9209(0.9209)
            Glaucoma recall 0.9831(0.9831)
            Glaucoma precision 0.8662(0.8662)

2019-06-06 00:35:18,188:WARNING: Epoch: [36][65/66]
    Time 0.344 (0.353)
    Data 0.233 (0.240)
    Loss 0.1889 (1.3983)
    Accuracy Diabetes@ 0.993(0.9932)
        Diabetes F1 0.9002(0.9002)
            Diabetes recall 0.8826(0.8826)
            Diabetes precision 0.9186(0.9186)
    Accuracy Glaucoma@ 0.993(0.9929)
        Glaucoma F1 0.9518(0.9518)
            Glaucoma recall 0.9647(0.9647)
            Glaucoma precision 0.9393(0.9393)

2019-06-06 00:35:19,363:WARNING: Test: [8/9]
    Time 0.035 (0.127)
    Loss 0.0115 (1.9419)
    Accuracy Diabetes@ 0.990(0.9903)
        Diabetes F1 0.8632(0.8632)
            Diabetes recall 0.8938(0.8938)
            Diabetes precision 0.8347(0.8347)
    Accuracy Glaucoma@ 0.989(0.9891)
        Glaucoma F1 0.9234(0.9234)
            Glaucoma recall 0.9156(0.9156)
            Glaucoma precision 0.9313(0.9313)

2019-06-06 00:35:43,650:WARNING: Epoch: [37][65/66]
    Time 0.346 (0.355)
    Data 0.235 (0.241)
    Loss 2.2490 (1.0378)
    Accuracy Diabetes@ 0.996(0.9956)
        Diabetes F1 0.9374(0.9374)
            Diabetes recall 0.9435(0.9435)
            Diabetes precision 0.9313(0.9313)
    Accuracy Glaucoma@ 0.995(0.9948)
        Glaucoma F1 0.9647(0.9647)
            Glaucoma recall 0.9647(0.9647)
            Glaucoma precision 0.9647(0.9647)

2019-06-06 00:35:44,829:WARNING: Test: [8/9]
    Time 0.035 (0.127)
    Loss 0.0113 (3.9636)
    Accuracy Diabetes@ 0.977(0.9770)
        Diabetes F1 0.7415(0.7415)
            Diabetes recall 0.9646(0.9646)
            Diabetes precision 0.6022(0.6022)
    Accuracy Glaucoma@ 0.983(0.9830)
        Glaucoma F1 0.8685(0.8685)
            Glaucoma recall 0.7806(0.7806)
            Glaucoma precision 0.9788(0.9788)

2019-06-06 00:36:37,335:WARNING: Loading Model
2019-06-06 00:36:37,514:WARNING: Model Loaded
2019-06-06 00:36:39,020:WARNING: ResNet(
  (features): Sequential(
    (0): Conv2d(1, 64, kernel_size=(7, 7), stride=(2, 2), padding=(3, 3), bias=False)
    (1): BatchNorm2d(64, eps=1e-05, momentum=0.1, affine=True, track_running_stats=True)
    (2): ReLU(inplace)
    (3): MaxPool2d(kernel_size=3, stride=2, padding=1, dilation=1, ceil_mode=False)
    (4): IdentityBlock(
      (Convpass): Sequential(
        (0): Conv2d(64, 160, kernel_size=(5, 5), stride=(1, 1), padding=(2, 2))
        (1): BatchNorm2d(160, eps=1e-05, momentum=0.1, affine=True, track_running_stats=True)
        (2): ReLU(inplace)
        (3): Conv2d(160, 256, kernel_size=(5, 5), stride=(1, 1), padding=(2, 2))
        (4): BatchNorm2d(256, eps=1e-05, momentum=0.1, affine=True, track_running_stats=True)
        (5): ReLU(inplace)
        (6): Conv2d(256, 256, kernel_size=(5, 5), stride=(2, 2), padding=(2, 2))
      )
      (identityPass): Conv2d(64, 256, kernel_size=(5, 5), stride=(2, 2), padding=(2, 2))
    )
    (5): BatchNorm2d(256, eps=1e-05, momentum=0.1, affine=True, track_running_stats=True)
    (6): ReLU(inplace)
    (7): MaxPool2d(kernel_size=3, stride=2, padding=1, dilation=1, ceil_mode=False)
    (8): IdentityBlock(
      (Convpass): Sequential(
        (0): Conv2d(256, 384, kernel_size=(7, 7), stride=(1, 1), padding=(3, 3))
        (1): BatchNorm2d(384, eps=1e-05, momentum=0.1, affine=True, track_running_stats=True)
        (2): ReLU(inplace)
        (3): Conv2d(384, 512, kernel_size=(7, 7), stride=(1, 1), padding=(3, 3))
        (4): BatchNorm2d(512, eps=1e-05, momentum=0.1, affine=True, track_running_stats=True)
        (5): ReLU(inplace)
        (6): Conv2d(512, 512, kernel_size=(7, 7), stride=(3, 3), padding=(3, 3))
      )
      (identityPass): Conv2d(256, 512, kernel_size=(7, 7), stride=(3, 3), padding=(3, 3))
    )
    (9): BatchNorm2d(512, eps=1e-05, momentum=0.1, affine=True, track_running_stats=True)
    (10): ReLU(inplace)
    (11): MaxPool2d(kernel_size=3, stride=1, padding=0, dilation=1, ceil_mode=False)
    (12): Conv2d(512, 512, kernel_size=(3, 3), stride=(1, 1))
    (13): BatchNorm2d(512, eps=1e-05, momentum=0.1, affine=True, track_running_stats=True)
    (14): ReLU(inplace)
    (15): MaxPool2d(kernel_size=2, stride=2, padding=0, dilation=1, ceil_mode=False)
  )
  (classifier): Sequential(
    (0): Dropout(p=0.5)
    (1): Linear(in_features=512, out_features=256, bias=True)
    (2): BatchNorm1d(256, eps=1e-05, momentum=0.1, affine=True, track_running_stats=True)
    (3): ReLU(inplace)
    (4): Linear(in_features=256, out_features=2, bias=True)
  )
)
2019-06-06 00:36:42,316:WARNING: Test: [8/9]
    Time 0.559 (0.361)
    Loss 12.0240 (49.3371)
    Accuracy Diabetes@ 0.035(0.0352)
        Diabetes F1 0.0677(0.0677)
            Diabetes recall 1.0000(1.0000)
            Diabetes precision 0.0350(0.0350)
    Accuracy Glaucoma@ 0.927(0.9273)
        Glaucoma F1 nan(nan)
            Glaucoma recall 0.0000(0.0000)
            Glaucoma precision 0.0000(0.0000)

2019-06-06 00:37:08,222:WARNING: Epoch: [0][65/66]
    Time 0.345 (0.389)
    Data 0.232 (0.231)
    Loss 18.6354 (29.3622)
    Accuracy Diabetes@ 0.887(0.8868)
        Diabetes F1 0.3717(0.3717)
            Diabetes recall 0.9609(0.9609)
            Diabetes precision 0.2304(0.2304)
    Accuracy Glaucoma@ 0.939(0.9392)
        Glaucoma F1 0.7023(0.7023)
            Glaucoma recall 0.9834(0.9834)
            Glaucoma precision 0.5462(0.5462)

2019-06-06 00:37:09,394:WARNING: Test: [8/9]
    Time 0.035 (0.127)
    Loss 4.1949 (17.8271)
    Accuracy Diabetes@ 0.942(0.9418)
        Diabetes F1 0.5263(0.5263)
            Diabetes recall 0.9292(0.9292)
            Diabetes precision 0.3671(0.3671)
    Accuracy Glaucoma@ 0.972(0.9721)
        Glaucoma F1 0.8373(0.8373)
            Glaucoma recall 0.9662(0.9662)
            Glaucoma precision 0.7387(0.7387)

2019-06-06 00:37:33,422:WARNING: Epoch: [1][65/66]
    Time 0.346 (0.347)
    Data 0.234 (0.234)
    Loss 11.6121 (15.8137)
    Accuracy Diabetes@ 0.947(0.9468)
        Diabetes F1 0.5483(0.5483)
            Diabetes recall 0.9261(0.9261)
            Diabetes precision 0.3894(0.3894)
    Accuracy Glaucoma@ 0.970(0.9697)
        Glaucoma F1 0.8264(0.8264)
            Glaucoma recall 0.9896(0.9896)
            Glaucoma precision 0.7094(0.7094)

2019-06-06 00:37:34,634:WARNING: Test: [8/9]
    Time 0.035 (0.132)
    Loss 1.4016 (9.3560)
    Accuracy Diabetes@ 0.959(0.9588)
        Diabetes F1 0.5879(0.5879)
            Diabetes recall 0.8584(0.8584)
            Diabetes precision 0.4470(0.4470)
    Accuracy Glaucoma@ 0.971(0.9709)
        Glaucoma F1 0.8360(0.8360)
            Glaucoma recall 1.0000(1.0000)
            Glaucoma precision 0.7182(0.7182)

2019-06-06 00:37:58,871:WARNING: Epoch: [2][65/66]
    Time 0.349 (0.347)
    Data 0.234 (0.234)
    Loss 9.6966 (10.7228)
    Accuracy Diabetes@ 0.962(0.9620)
        Diabetes F1 0.6270(0.6270)
            Diabetes recall 0.9174(0.9174)
            Diabetes precision 0.4763(0.4763)
    Accuracy Glaucoma@ 0.969(0.9694)
        Glaucoma F1 0.8250(0.8250)
            Glaucoma recall 0.9896(0.9896)
            Glaucoma precision 0.7073(0.7073)

2019-06-06 00:38:00,038:WARNING: Test: [8/9]
    Time 0.035 (0.127)
    Loss 1.8640 (8.7917)
    Accuracy Diabetes@ 0.965(0.9648)
        Diabetes F1 0.6352(0.6352)
            Diabetes recall 0.8938(0.8938)
            Diabetes precision 0.4927(0.4927)
    Accuracy Glaucoma@ 0.981(0.9806)
        Glaucoma F1 0.8860(0.8860)
            Glaucoma recall 1.0000(1.0000)
            Glaucoma precision 0.7953(0.7953)

2019-06-06 00:38:24,665:WARNING: Epoch: [3][65/66]
    Time 0.345 (0.349)
    Data 0.235 (0.236)
    Loss 14.4314 (10.8309)
    Accuracy Diabetes@ 0.959(0.9592)
        Diabetes F1 0.6073(0.6073)
            Diabetes recall 0.9043(0.9043)
            Diabetes precision 0.4571(0.4571)
    Accuracy Glaucoma@ 0.967(0.9671)
        Glaucoma F1 0.8128(0.8128)
            Glaucoma recall 0.9792(0.9792)
            Glaucoma precision 0.6947(0.6947)

2019-06-06 00:38:25,842:WARNING: Test: [8/9]
    Time 0.036 (0.128)
    Loss 2.6464 (10.9015)
    Accuracy Diabetes@ 0.922(0.9224)
        Diabetes F1 0.4718(0.4718)
            Diabetes recall 1.0000(1.0000)
            Diabetes precision 0.3087(0.3087)
    Accuracy Glaucoma@ 0.965(0.9648)
        Glaucoma F1 0.8075(0.8075)
            Glaucoma recall 1.0000(1.0000)
            Glaucoma precision 0.6771(0.6771)

2019-06-06 00:38:49,717:WARNING: Epoch: [4][65/66]
    Time 0.347 (0.349)
    Data 0.236 (0.236)
    Loss 7.4569 (8.1253)
    Accuracy Diabetes@ 0.954(0.9538)
        Diabetes F1 0.5828(0.5828)
            Diabetes recall 0.9261(0.9261)
            Diabetes precision 0.4251(0.4251)
    Accuracy Glaucoma@ 0.975(0.9747)
        Glaucoma F1 0.8508(0.8508)
            Glaucoma recall 0.9896(0.9896)
            Glaucoma precision 0.7461(0.7461)

2019-06-06 00:38:50,906:WARNING: Test: [8/9]
    Time 0.035 (0.129)
    Loss 1.8638 (10.1825)
    Accuracy Diabetes@ 0.960(0.9600)
        Diabetes F1 0.6366(0.6366)
            Diabetes recall 1.0000(1.0000)
            Diabetes precision 0.4669(0.4669)
    Accuracy Glaucoma@ 0.983(0.9830)
        Glaucoma F1 0.8857(0.8857)
            Glaucoma recall 0.9156(0.9156)
            Glaucoma precision 0.8577(0.8577)

